mode: atomic
github.com/Sourcehaven-BV/rela/cmd/rela/main.go:8.13,10.2 1 0
github.com/Sourcehaven-BV/rela/cmd/rela-desktop/main.go:20.13,25.16 4 0
github.com/Sourcehaven-BV/rela/cmd/rela-desktop/main.go:25.16,27.3 1 0
github.com/Sourcehaven-BV/rela/cmd/rela-desktop/main.go:29.2,39.16 3 0
github.com/Sourcehaven-BV/rela/cmd/rela-desktop/main.go:39.16,41.3 1 0
github.com/Sourcehaven-BV/rela/cmd/rela-server/main.go:18.13,24.16 5 0
github.com/Sourcehaven-BV/rela/cmd/rela-server/main.go:24.16,26.3 1 0
github.com/Sourcehaven-BV/rela/cmd/rela-server/main.go:28.2,37.33 4 0
github.com/Sourcehaven-BV/rela/internal/cli/analyze.go:34.54,37.24 2 0
github.com/Sourcehaven-BV/rela/internal/cli/analyze.go:37.24,40.4 2 0
github.com/Sourcehaven-BV/rela/internal/cli/analyze.go:42.3,43.36 2 0
github.com/Sourcehaven-BV/rela/internal/cli/analyze.go:50.54,55.30 3 0
github.com/Sourcehaven-BV/rela/internal/cli/analyze.go:55.30,57.19 2 0
github.com/Sourcehaven-BV/rela/internal/cli/analyze.go:57.19,59.5 1 0
github.com/Sourcehaven-BV/rela/internal/cli/analyze.go:63.3,64.37 2 0
github.com/Sourcehaven-BV/rela/internal/cli/analyze.go:64.37,65.22 1 0
github.com/Sourcehaven-BV/rela/internal/cli/analyze.go:65.22,67.5 1 0
github.com/Sourcehaven-BV/rela/internal/cli/analyze.go:70.3,70.27 1 0
github.com/Sourcehaven-BV/rela/internal/cli/analyze.go:70.27,73.4 2 0
github.com/Sourcehaven-BV/rela/internal/cli/analyze.go:75.3,76.36 2 0
github.com/Sourcehaven-BV/rela/internal/cli/analyze.go:76.36,79.28 3 0
github.com/Sourcehaven-BV/rela/internal/cli/analyze.go:79.28,81.5 1 0
github.com/Sourcehaven-BV/rela/internal/cli/analyze.go:84.3,84.13 1 0
github.com/Sourcehaven-BV/rela/internal/cli/analyze.go:95.54,98.43 2 0
github.com/Sourcehaven-BV/rela/internal/cli/analyze.go:98.43,99.30 1 0
github.com/Sourcehaven-BV/rela/internal/cli/analyze.go:99.30,100.56 1 0
github.com/Sourcehaven-BV/rela/internal/cli/analyze.go:100.56,104.6 2 0
github.com/Sourcehaven-BV/rela/internal/cli/analyze.go:109.3,111.33 2 0
github.com/Sourcehaven-BV/rela/internal/cli/analyze.go:111.33,113.41 2 0
github.com/Sourcehaven-BV/rela/internal/cli/analyze.go:113.41,114.13 1 0
github.com/Sourcehaven-BV/rela/internal/cli/analyze.go:117.4,117.64 1 0
github.com/Sourcehaven-BV/rela/internal/cli/analyze.go:117.64,118.13 1 0
github.com/Sourcehaven-BV/rela/internal/cli/analyze.go:120.4,120.84 1 0
github.com/Sourcehaven-BV/rela/internal/cli/analyze.go:123.3,125.45 2 0
github.com/Sourcehaven-BV/rela/internal/cli/analyze.go:125.45,130.38 3 0
github.com/Sourcehaven-BV/rela/internal/cli/analyze.go:130.38,132.31 2 0
github.com/Sourcehaven-BV/rela/internal/cli/analyze.go:132.31,133.45 1 0
github.com/Sourcehaven-BV/rela/internal/cli/analyze.go:133.45,135.7 1 0
github.com/Sourcehaven-BV/rela/internal/cli/analyze.go:139.4,139.21 1 0
github.com/Sourcehaven-BV/rela/internal/cli/analyze.go:139.21,143.28 4 0
github.com/Sourcehaven-BV/rela/internal/cli/analyze.go:143.28,145.6 1 0
github.com/Sourcehaven-BV/rela/internal/cli/analyze.go:146.5,146.67 1 0
github.com/Sourcehaven-BV/rela/internal/cli/analyze.go:150.3,150.15 1 0
github.com/Sourcehaven-BV/rela/internal/cli/analyze.go:150.15,152.4 1 0
github.com/Sourcehaven-BV/rela/internal/cli/analyze.go:154.3,154.13 1 0
github.com/Sourcehaven-BV/rela/internal/cli/analyze.go:161.54,164.47 2 0
github.com/Sourcehaven-BV/rela/internal/cli/analyze.go:164.47,166.56 1 0
github.com/Sourcehaven-BV/rela/internal/cli/analyze.go:166.56,168.44 1 0
github.com/Sourcehaven-BV/rela/internal/cli/analyze.go:168.44,170.33 2 0
github.com/Sourcehaven-BV/rela/internal/cli/analyze.go:170.33,172.50 2 0
github.com/Sourcehaven-BV/rela/internal/cli/analyze.go:172.50,173.32 1 0
github.com/Sourcehaven-BV/rela/internal/cli/analyze.go:173.32,175.9 1 0
github.com/Sourcehaven-BV/rela/internal/cli/analyze.go:177.7,177.36 1 0
github.com/Sourcehaven-BV/rela/internal/cli/analyze.go:177.36,181.8 2 0
github.com/Sourcehaven-BV/rela/internal/cli/analyze.go:187.4,187.31 1 0
github.com/Sourcehaven-BV/rela/internal/cli/analyze.go:187.31,188.44 1 0
github.com/Sourcehaven-BV/rela/internal/cli/analyze.go:188.44,190.33 2 0
github.com/Sourcehaven-BV/rela/internal/cli/analyze.go:190.33,192.50 2 0
github.com/Sourcehaven-BV/rela/internal/cli/analyze.go:192.50,193.32 1 0
github.com/Sourcehaven-BV/rela/internal/cli/analyze.go:193.32,195.9 1 0
github.com/Sourcehaven-BV/rela/internal/cli/analyze.go:197.7,197.36 1 0
github.com/Sourcehaven-BV/rela/internal/cli/analyze.go:197.36,201.8 2 0
github.com/Sourcehaven-BV/rela/internal/cli/analyze.go:208.4,208.56 1 0
github.com/Sourcehaven-BV/rela/internal/cli/analyze.go:208.56,209.42 1 0
github.com/Sourcehaven-BV/rela/internal/cli/analyze.go:209.42,211.33 2 0
github.com/Sourcehaven-BV/rela/internal/cli/analyze.go:211.33,213.50 2 0
github.com/Sourcehaven-BV/rela/internal/cli/analyze.go:213.50,214.32 1 0
github.com/Sourcehaven-BV/rela/internal/cli/analyze.go:214.32,216.9 1 0
github.com/Sourcehaven-BV/rela/internal/cli/analyze.go:218.7,218.36 1 0
github.com/Sourcehaven-BV/rela/internal/cli/analyze.go:218.36,221.65 2 0
github.com/Sourcehaven-BV/rela/internal/cli/analyze.go:221.65,223.9 1 0
github.com/Sourcehaven-BV/rela/internal/cli/analyze.go:224.8,226.20 2 0
github.com/Sourcehaven-BV/rela/internal/cli/analyze.go:233.4,233.31 1 0
github.com/Sourcehaven-BV/rela/internal/cli/analyze.go:233.31,234.42 1 0
github.com/Sourcehaven-BV/rela/internal/cli/analyze.go:234.42,236.33 2 0
github.com/Sourcehaven-BV/rela/internal/cli/analyze.go:236.33,238.50 2 0
github.com/Sourcehaven-BV/rela/internal/cli/analyze.go:238.50,239.32 1 0
github.com/Sourcehaven-BV/rela/internal/cli/analyze.go:239.32,241.9 1 0
github.com/Sourcehaven-BV/rela/internal/cli/analyze.go:243.7,243.36 1 0
github.com/Sourcehaven-BV/rela/internal/cli/analyze.go:243.36,246.65 2 0
github.com/Sourcehaven-BV/rela/internal/cli/analyze.go:246.65,248.9 1 0
github.com/Sourcehaven-BV/rela/internal/cli/analyze.go:249.8,251.20 2 0
github.com/Sourcehaven-BV/rela/internal/cli/analyze.go:258.3,258.22 1 0
github.com/Sourcehaven-BV/rela/internal/cli/analyze.go:258.22,260.4 1 0
github.com/Sourcehaven-BV/rela/internal/cli/analyze.go:260.9,262.4 1 0
github.com/Sourcehaven-BV/rela/internal/cli/analyze.go:264.3,264.13 1 0
github.com/Sourcehaven-BV/rela/internal/cli/analyze.go:282.54,284.3 1 0
github.com/Sourcehaven-BV/rela/internal/cli/analyze.go:288.36,299.34 5 0
github.com/Sourcehaven-BV/rela/internal/cli/analyze.go:299.34,301.20 2 0
github.com/Sourcehaven-BV/rela/internal/cli/analyze.go:301.20,304.4 2 0
github.com/Sourcehaven-BV/rela/internal/cli/analyze.go:308.2,308.26 1 0
github.com/Sourcehaven-BV/rela/internal/cli/analyze.go:308.26,310.32 2 0
github.com/Sourcehaven-BV/rela/internal/cli/analyze.go:310.32,312.32 2 0
github.com/Sourcehaven-BV/rela/internal/cli/analyze.go:312.32,314.5 1 0
github.com/Sourcehaven-BV/rela/internal/cli/analyze.go:315.4,319.6 1 0
github.com/Sourcehaven-BV/rela/internal/cli/analyze.go:322.3,324.21 3 0
github.com/Sourcehaven-BV/rela/internal/cli/analyze.go:324.21,327.4 2 0
github.com/Sourcehaven-BV/rela/internal/cli/analyze.go:329.3,334.5 1 0
github.com/Sourcehaven-BV/rela/internal/cli/analyze.go:338.2,338.21 1 0
github.com/Sourcehaven-BV/rela/internal/cli/analyze.go:338.21,341.3 2 0
github.com/Sourcehaven-BV/rela/internal/cli/analyze.go:343.2,344.31 2 0
github.com/Sourcehaven-BV/rela/internal/cli/analyze.go:344.31,347.31 3 0
github.com/Sourcehaven-BV/rela/internal/cli/analyze.go:347.31,349.4 1 0
github.com/Sourcehaven-BV/rela/internal/cli/analyze.go:352.2,352.12 1 0
github.com/Sourcehaven-BV/rela/internal/cli/analyze.go:356.32,358.38 2 0
github.com/Sourcehaven-BV/rela/internal/cli/analyze.go:358.38,360.3 1 0
github.com/Sourcehaven-BV/rela/internal/cli/analyze.go:361.2,361.14 1 0
github.com/Sourcehaven-BV/rela/internal/cli/analyze.go:385.54,387.3 1 0
github.com/Sourcehaven-BV/rela/internal/cli/analyze.go:391.29,393.21 2 0
github.com/Sourcehaven-BV/rela/internal/cli/analyze.go:393.21,396.3 2 0
github.com/Sourcehaven-BV/rela/internal/cli/analyze.go:398.2,401.29 3 0
github.com/Sourcehaven-BV/rela/internal/cli/analyze.go:401.29,403.26 2 0
github.com/Sourcehaven-BV/rela/internal/cli/analyze.go:403.26,406.27 2 0
github.com/Sourcehaven-BV/rela/internal/cli/analyze.go:406.27,409.5 2 0
github.com/Sourcehaven-BV/rela/internal/cli/analyze.go:409.10,412.5 2 0
github.com/Sourcehaven-BV/rela/internal/cli/analyze.go:414.4,414.33 1 0
github.com/Sourcehaven-BV/rela/internal/cli/analyze.go:414.33,416.5 1 0
github.com/Sourcehaven-BV/rela/internal/cli/analyze.go:420.2,420.42 1 0
github.com/Sourcehaven-BV/rela/internal/cli/analyze.go:420.42,422.3 1 0
github.com/Sourcehaven-BV/rela/internal/cli/analyze.go:422.8,423.21 1 0
github.com/Sourcehaven-BV/rela/internal/cli/analyze.go:423.21,425.4 1 0
github.com/Sourcehaven-BV/rela/internal/cli/analyze.go:425.9,427.4 1 0
github.com/Sourcehaven-BV/rela/internal/cli/analyze.go:430.2,430.12 1 0
github.com/Sourcehaven-BV/rela/internal/cli/analyze.go:434.73,439.16 3 0
github.com/Sourcehaven-BV/rela/internal/cli/analyze.go:439.16,442.3 2 0
github.com/Sourcehaven-BV/rela/internal/cli/analyze.go:445.2,446.16 2 0
github.com/Sourcehaven-BV/rela/internal/cli/analyze.go:446.16,449.3 2 0
github.com/Sourcehaven-BV/rela/internal/cli/analyze.go:452.2,453.27 2 0
github.com/Sourcehaven-BV/rela/internal/cli/analyze.go:453.27,455.3 1 0
github.com/Sourcehaven-BV/rela/internal/cli/analyze.go:455.8,457.3 1 0
github.com/Sourcehaven-BV/rela/internal/cli/analyze.go:459.2,459.34 1 0
github.com/Sourcehaven-BV/rela/internal/cli/analyze.go:459.34,462.10 2 0
github.com/Sourcehaven-BV/rela/internal/cli/analyze.go:462.10,463.12 1 0
github.com/Sourcehaven-BV/rela/internal/cli/analyze.go:467.3,467.27 1 0
github.com/Sourcehaven-BV/rela/internal/cli/analyze.go:467.27,469.18 2 0
github.com/Sourcehaven-BV/rela/internal/cli/analyze.go:469.18,471.13 1 0
github.com/Sourcehaven-BV/rela/internal/cli/analyze.go:473.4,473.16 1 0
github.com/Sourcehaven-BV/rela/internal/cli/analyze.go:473.16,475.13 1 0
github.com/Sourcehaven-BV/rela/internal/cli/analyze.go:480.3,481.17 2 0
github.com/Sourcehaven-BV/rela/internal/cli/analyze.go:481.17,484.12 2 0
github.com/Sourcehaven-BV/rela/internal/cli/analyze.go:487.3,487.17 1 0
github.com/Sourcehaven-BV/rela/internal/cli/analyze.go:487.17,489.4 1 0
github.com/Sourcehaven-BV/rela/internal/cli/analyze.go:492.2,492.19 1 0
github.com/Sourcehaven-BV/rela/internal/cli/analyze.go:496.53,497.40 1 0
github.com/Sourcehaven-BV/rela/internal/cli/analyze.go:497.40,499.21 2 0
github.com/Sourcehaven-BV/rela/internal/cli/analyze.go:499.21,501.4 1 0
github.com/Sourcehaven-BV/rela/internal/cli/analyze.go:501.9,503.4 1 0
github.com/Sourcehaven-BV/rela/internal/cli/analyze.go:505.2,505.8 1 0
github.com/Sourcehaven-BV/rela/internal/cli/analyze.go:509.39,511.46 2 0
github.com/Sourcehaven-BV/rela/internal/cli/analyze.go:511.46,516.3 4 0
github.com/Sourcehaven-BV/rela/internal/cli/analyze.go:517.2,517.19 1 0
github.com/Sourcehaven-BV/rela/internal/cli/analyze.go:521.81,522.55 1 0
github.com/Sourcehaven-BV/rela/internal/cli/analyze.go:522.55,524.3 1 0
github.com/Sourcehaven-BV/rela/internal/cli/analyze.go:525.2,526.41 2 0
github.com/Sourcehaven-BV/rela/internal/cli/analyze.go:526.41,527.47 1 0
github.com/Sourcehaven-BV/rela/internal/cli/analyze.go:527.47,528.62 1 0
github.com/Sourcehaven-BV/rela/internal/cli/analyze.go:528.62,530.5 1 0
github.com/Sourcehaven-BV/rela/internal/cli/analyze.go:533.2,533.19 1 0
github.com/Sourcehaven-BV/rela/internal/cli/analyze.go:537.81,538.29 1 0
github.com/Sourcehaven-BV/rela/internal/cli/analyze.go:538.29,540.3 1 0
github.com/Sourcehaven-BV/rela/internal/cli/analyze.go:541.2,542.41 2 0
github.com/Sourcehaven-BV/rela/internal/cli/analyze.go:542.41,543.47 1 0
github.com/Sourcehaven-BV/rela/internal/cli/analyze.go:543.47,544.62 1 0
github.com/Sourcehaven-BV/rela/internal/cli/analyze.go:544.62,546.5 1 0
github.com/Sourcehaven-BV/rela/internal/cli/analyze.go:549.2,549.19 1 0
github.com/Sourcehaven-BV/rela/internal/cli/analyze.go:553.81,554.55 1 0
github.com/Sourcehaven-BV/rela/internal/cli/analyze.go:554.55,556.3 1 0
github.com/Sourcehaven-BV/rela/internal/cli/analyze.go:557.2,558.39 2 0
github.com/Sourcehaven-BV/rela/internal/cli/analyze.go:558.39,559.47 1 0
github.com/Sourcehaven-BV/rela/internal/cli/analyze.go:559.47,560.62 1 0
github.com/Sourcehaven-BV/rela/internal/cli/analyze.go:560.62,562.5 1 0
github.com/Sourcehaven-BV/rela/internal/cli/analyze.go:565.2,565.19 1 0
github.com/Sourcehaven-BV/rela/internal/cli/analyze.go:569.81,570.29 1 0
github.com/Sourcehaven-BV/rela/internal/cli/analyze.go:570.29,572.3 1 0
github.com/Sourcehaven-BV/rela/internal/cli/analyze.go:573.2,574.39 2 0
github.com/Sourcehaven-BV/rela/internal/cli/analyze.go:574.39,575.47 1 0
github.com/Sourcehaven-BV/rela/internal/cli/analyze.go:575.47,576.62 1 0
github.com/Sourcehaven-BV/rela/internal/cli/analyze.go:576.62,578.5 1 0
github.com/Sourcehaven-BV/rela/internal/cli/analyze.go:581.2,581.19 1 0
github.com/Sourcehaven-BV/rela/internal/cli/analyze.go:585.56,587.49 2 0
github.com/Sourcehaven-BV/rela/internal/cli/analyze.go:587.49,588.27 1 0
github.com/Sourcehaven-BV/rela/internal/cli/analyze.go:588.27,590.4 1 0
github.com/Sourcehaven-BV/rela/internal/cli/analyze.go:592.2,592.14 1 0
github.com/Sourcehaven-BV/rela/internal/cli/analyze.go:596.56,598.49 2 0
github.com/Sourcehaven-BV/rela/internal/cli/analyze.go:598.49,599.27 1 0
github.com/Sourcehaven-BV/rela/internal/cli/analyze.go:599.27,601.4 1 0
github.com/Sourcehaven-BV/rela/internal/cli/analyze.go:603.2,603.14 1 0
github.com/Sourcehaven-BV/rela/internal/cli/analyze.go:609.54,619.30 5 0
github.com/Sourcehaven-BV/rela/internal/cli/analyze.go:619.30,621.19 2 0
github.com/Sourcehaven-BV/rela/internal/cli/analyze.go:621.19,623.5 1 0
github.com/Sourcehaven-BV/rela/internal/cli/analyze.go:625.3,626.37 2 0
github.com/Sourcehaven-BV/rela/internal/cli/analyze.go:626.37,627.22 1 0
github.com/Sourcehaven-BV/rela/internal/cli/analyze.go:627.22,629.5 1 0
github.com/Sourcehaven-BV/rela/internal/cli/analyze.go:633.3,635.43 3 0
github.com/Sourcehaven-BV/rela/internal/cli/analyze.go:635.43,636.30 1 0
github.com/Sourcehaven-BV/rela/internal/cli/analyze.go:636.30,637.56 1 0
github.com/Sourcehaven-BV/rela/internal/cli/analyze.go:637.56,640.6 2 0
github.com/Sourcehaven-BV/rela/internal/cli/analyze.go:643.3,644.33 2 0
github.com/Sourcehaven-BV/rela/internal/cli/analyze.go:644.33,646.41 2 0
github.com/Sourcehaven-BV/rela/internal/cli/analyze.go:646.41,647.13 1 0
github.com/Sourcehaven-BV/rela/internal/cli/analyze.go:649.4,649.64 1 0
github.com/Sourcehaven-BV/rela/internal/cli/analyze.go:649.64,650.13 1 0
github.com/Sourcehaven-BV/rela/internal/cli/analyze.go:652.4,652.84 1 0
github.com/Sourcehaven-BV/rela/internal/cli/analyze.go:654.3,654.40 1 0
github.com/Sourcehaven-BV/rela/internal/cli/analyze.go:654.40,656.38 2 0
github.com/Sourcehaven-BV/rela/internal/cli/analyze.go:656.38,657.37 1 0
github.com/Sourcehaven-BV/rela/internal/cli/analyze.go:657.37,659.11 2 0
github.com/Sourcehaven-BV/rela/internal/cli/analyze.go:665.3,678.32 4 0
github.com/Sourcehaven-BV/rela/internal/cli/analyze.go:678.32,681.4 2 0
github.com/Sourcehaven-BV/rela/internal/cli/analyze.go:682.3,704.32 17 0
github.com/Sourcehaven-BV/rela/internal/cli/analyze.go:704.32,708.4 3 0
github.com/Sourcehaven-BV/rela/internal/cli/analyze.go:710.3,710.13 1 0
github.com/Sourcehaven-BV/rela/internal/cli/analyze.go:714.38,720.2 4 0
github.com/Sourcehaven-BV/rela/internal/cli/analyze.go:722.13,732.2 8 1
github.com/Sourcehaven-BV/rela/internal/cli/completion.go:48.54,49.18 1 0
github.com/Sourcehaven-BV/rela/internal/cli/completion.go:50.15,51.47 1 0
github.com/Sourcehaven-BV/rela/internal/cli/completion.go:52.14,53.46 1 0
github.com/Sourcehaven-BV/rela/internal/cli/completion.go:54.15,55.53 1 0
github.com/Sourcehaven-BV/rela/internal/cli/completion.go:56.21,57.61 1 0
github.com/Sourcehaven-BV/rela/internal/cli/completion.go:59.3,59.13 1 0
github.com/Sourcehaven-BV/rela/internal/cli/completion.go:63.13,65.2 1 1
github.com/Sourcehaven-BV/rela/internal/cli/create.go:47.54,52.17 3 0
github.com/Sourcehaven-BV/rela/internal/cli/create.go:52.17,54.4 1 0
github.com/Sourcehaven-BV/rela/internal/cli/create.go:57.3,58.21 2 0
github.com/Sourcehaven-BV/rela/internal/cli/create.go:58.21,60.63 1 0
github.com/Sourcehaven-BV/rela/internal/cli/create.go:60.63,62.5 1 0
github.com/Sourcehaven-BV/rela/internal/cli/create.go:64.4,64.48 1 0
github.com/Sourcehaven-BV/rela/internal/cli/create.go:64.48,66.5 1 0
github.com/Sourcehaven-BV/rela/internal/cli/create.go:67.4,67.23 1 0
github.com/Sourcehaven-BV/rela/internal/cli/create.go:68.9,70.30 1 0
github.com/Sourcehaven-BV/rela/internal/cli/create.go:70.30,72.5 1 0
github.com/Sourcehaven-BV/rela/internal/cli/create.go:73.4,74.26 2 0
github.com/Sourcehaven-BV/rela/internal/cli/create.go:74.26,76.5 1 0
github.com/Sourcehaven-BV/rela/internal/cli/create.go:77.4,79.56 3 0
github.com/Sourcehaven-BV/rela/internal/cli/create.go:83.3,87.17 3 0
github.com/Sourcehaven-BV/rela/internal/cli/create.go:87.17,89.4 1 0
github.com/Sourcehaven-BV/rela/internal/cli/create.go:90.3,90.22 1 0
github.com/Sourcehaven-BV/rela/internal/cli/create.go:90.22,92.4 1 0
github.com/Sourcehaven-BV/rela/internal/cli/create.go:95.3,95.41 1 0
github.com/Sourcehaven-BV/rela/internal/cli/create.go:95.41,97.23 2 0
github.com/Sourcehaven-BV/rela/internal/cli/create.go:97.23,99.5 1 0
github.com/Sourcehaven-BV/rela/internal/cli/create.go:100.4,100.32 1 0
github.com/Sourcehaven-BV/rela/internal/cli/create.go:106.3,106.43 1 0
github.com/Sourcehaven-BV/rela/internal/cli/create.go:106.43,108.25 2 0
github.com/Sourcehaven-BV/rela/internal/cli/create.go:108.25,111.5 1 0
github.com/Sourcehaven-BV/rela/internal/cli/create.go:112.4,112.46 1 0
github.com/Sourcehaven-BV/rela/internal/cli/create.go:116.3,116.25 1 0
github.com/Sourcehaven-BV/rela/internal/cli/create.go:116.25,119.4 1 0
github.com/Sourcehaven-BV/rela/internal/cli/create.go:119.9,119.46 1 0
github.com/Sourcehaven-BV/rela/internal/cli/create.go:119.46,122.4 1 0
github.com/Sourcehaven-BV/rela/internal/cli/create.go:126.3,126.27 1 0
github.com/Sourcehaven-BV/rela/internal/cli/create.go:126.27,128.4 1 0
github.com/Sourcehaven-BV/rela/internal/cli/create.go:131.3,132.17 2 0
github.com/Sourcehaven-BV/rela/internal/cli/create.go:132.17,134.4 1 0
github.com/Sourcehaven-BV/rela/internal/cli/create.go:135.3,135.24 1 0
github.com/Sourcehaven-BV/rela/internal/cli/create.go:135.24,137.4 1 0
github.com/Sourcehaven-BV/rela/internal/cli/create.go:140.3,141.20 2 0
github.com/Sourcehaven-BV/rela/internal/cli/create.go:141.20,143.27 2 0
github.com/Sourcehaven-BV/rela/internal/cli/create.go:143.27,145.5 1 0
github.com/Sourcehaven-BV/rela/internal/cli/create.go:146.4,146.80 1 0
github.com/Sourcehaven-BV/rela/internal/cli/create.go:150.3,154.64 3 0
github.com/Sourcehaven-BV/rela/internal/cli/create.go:154.64,156.4 1 0
github.com/Sourcehaven-BV/rela/internal/cli/create.go:159.3,163.37 3 0
github.com/Sourcehaven-BV/rela/internal/cli/create.go:163.37,165.4 1 0
github.com/Sourcehaven-BV/rela/internal/cli/create.go:167.3,168.29 2 0
github.com/Sourcehaven-BV/rela/internal/cli/create.go:168.29,170.4 1 0
github.com/Sourcehaven-BV/rela/internal/cli/create.go:172.3,172.13 1 0
github.com/Sourcehaven-BV/rela/internal/cli/create.go:178.57,179.46 1 6
github.com/Sourcehaven-BV/rela/internal/cli/create.go:179.46,181.3 1 1
github.com/Sourcehaven-BV/rela/internal/cli/create.go:183.2,183.22 1 5
github.com/Sourcehaven-BV/rela/internal/cli/create.go:183.22,185.3 1 1
github.com/Sourcehaven-BV/rela/internal/cli/create.go:187.2,187.26 1 4
github.com/Sourcehaven-BV/rela/internal/cli/create.go:187.26,191.28 3 3
github.com/Sourcehaven-BV/rela/internal/cli/create.go:191.28,193.4 1 1
github.com/Sourcehaven-BV/rela/internal/cli/create.go:193.9,195.4 1 2
github.com/Sourcehaven-BV/rela/internal/cli/create.go:197.3,197.17 1 3
github.com/Sourcehaven-BV/rela/internal/cli/create.go:197.17,199.4 1 1
github.com/Sourcehaven-BV/rela/internal/cli/create.go:200.3,200.49 1 2
github.com/Sourcehaven-BV/rela/internal/cli/create.go:203.2,203.16 1 1
github.com/Sourcehaven-BV/rela/internal/cli/create.go:208.68,210.15 2 13
github.com/Sourcehaven-BV/rela/internal/cli/create.go:210.15,212.3 1 2
github.com/Sourcehaven-BV/rela/internal/cli/create.go:213.2,215.15 3 11
github.com/Sourcehaven-BV/rela/internal/cli/create.go:215.15,217.3 1 2
github.com/Sourcehaven-BV/rela/internal/cli/create.go:218.2,218.24 1 9
github.com/Sourcehaven-BV/rela/internal/cli/create.go:221.13,231.2 8 1
github.com/Sourcehaven-BV/rela/internal/cli/delete.go:29.54,33.10 3 0
github.com/Sourcehaven-BV/rela/internal/cli/delete.go:33.10,35.4 1 0
github.com/Sourcehaven-BV/rela/internal/cli/delete.go:38.3,42.43 4 0
github.com/Sourcehaven-BV/rela/internal/cli/delete.go:42.43,44.4 1 0
github.com/Sourcehaven-BV/rela/internal/cli/delete.go:47.3,47.19 1 0
github.com/Sourcehaven-BV/rela/internal/cli/delete.go:47.19,49.26 2 0
github.com/Sourcehaven-BV/rela/internal/cli/delete.go:49.26,51.5 1 0
github.com/Sourcehaven-BV/rela/internal/cli/delete.go:52.4,56.18 4 0
github.com/Sourcehaven-BV/rela/internal/cli/delete.go:56.18,58.5 1 0
github.com/Sourcehaven-BV/rela/internal/cli/delete.go:59.4,61.44 2 0
github.com/Sourcehaven-BV/rela/internal/cli/delete.go:61.44,64.5 2 0
github.com/Sourcehaven-BV/rela/internal/cli/delete.go:68.3,68.20 1 0
github.com/Sourcehaven-BV/rela/internal/cli/delete.go:68.20,69.33 1 0
github.com/Sourcehaven-BV/rela/internal/cli/delete.go:69.33,70.88 1 0
github.com/Sourcehaven-BV/rela/internal/cli/delete.go:70.88,72.6 1 0
github.com/Sourcehaven-BV/rela/internal/cli/delete.go:73.5,73.45 1 0
github.com/Sourcehaven-BV/rela/internal/cli/delete.go:75.4,75.33 1 0
github.com/Sourcehaven-BV/rela/internal/cli/delete.go:75.33,76.88 1 0
github.com/Sourcehaven-BV/rela/internal/cli/delete.go:76.88,78.6 1 0
github.com/Sourcehaven-BV/rela/internal/cli/delete.go:79.5,79.45 1 0
github.com/Sourcehaven-BV/rela/internal/cli/delete.go:84.3,85.21 2 0
github.com/Sourcehaven-BV/rela/internal/cli/delete.go:85.21,88.24 2 0
github.com/Sourcehaven-BV/rela/internal/cli/delete.go:88.24,91.5 2 0
github.com/Sourcehaven-BV/rela/internal/cli/delete.go:91.10,93.5 1 0
github.com/Sourcehaven-BV/rela/internal/cli/delete.go:96.3,96.80 1 0
github.com/Sourcehaven-BV/rela/internal/cli/delete.go:96.80,98.4 1 0
github.com/Sourcehaven-BV/rela/internal/cli/delete.go:101.3,104.37 2 0
github.com/Sourcehaven-BV/rela/internal/cli/delete.go:104.37,106.4 1 0
github.com/Sourcehaven-BV/rela/internal/cli/delete.go:108.3,109.42 2 0
github.com/Sourcehaven-BV/rela/internal/cli/delete.go:109.42,111.4 1 0
github.com/Sourcehaven-BV/rela/internal/cli/delete.go:113.3,113.13 1 0
github.com/Sourcehaven-BV/rela/internal/cli/delete.go:117.13,122.2 3 1
github.com/Sourcehaven-BV/rela/internal/cli/export.go:86.54,88.16 1 0
github.com/Sourcehaven-BV/rela/internal/cli/export.go:88.16,90.4 1 0
github.com/Sourcehaven-BV/rela/internal/cli/export.go:92.3,92.21 1 0
github.com/Sourcehaven-BV/rela/internal/cli/export.go:92.21,94.4 1 0
github.com/Sourcehaven-BV/rela/internal/cli/export.go:96.3,101.17 4 0
github.com/Sourcehaven-BV/rela/internal/cli/export.go:101.17,103.4 1 0
github.com/Sourcehaven-BV/rela/internal/cli/export.go:105.3,105.38 1 0
github.com/Sourcehaven-BV/rela/internal/cli/export.go:109.46,113.43 2 4
github.com/Sourcehaven-BV/rela/internal/cli/export.go:113.43,115.3 1 3
github.com/Sourcehaven-BV/rela/internal/cli/export.go:117.2,117.24 1 4
github.com/Sourcehaven-BV/rela/internal/cli/export.go:117.24,119.23 1 1
github.com/Sourcehaven-BV/rela/internal/cli/export.go:120.15,121.21 1 1
github.com/Sourcehaven-BV/rela/internal/cli/export.go:122.15,123.21 1 0
github.com/Sourcehaven-BV/rela/internal/cli/export.go:124.14,126.14 1 0
github.com/Sourcehaven-BV/rela/internal/cli/export.go:128.3,128.13 1 1
github.com/Sourcehaven-BV/rela/internal/cli/export.go:131.2,132.29 2 3
github.com/Sourcehaven-BV/rela/internal/cli/export.go:132.29,134.26 2 6
github.com/Sourcehaven-BV/rela/internal/cli/export.go:134.26,136.4 1 2
github.com/Sourcehaven-BV/rela/internal/cli/export.go:137.3,137.39 1 6
github.com/Sourcehaven-BV/rela/internal/cli/export.go:140.2,140.42 1 3
github.com/Sourcehaven-BV/rela/internal/cli/export.go:143.28,148.46 3 1
github.com/Sourcehaven-BV/rela/internal/cli/export.go:148.46,149.49 1 4
github.com/Sourcehaven-BV/rela/internal/cli/export.go:149.49,151.4 1 3
github.com/Sourcehaven-BV/rela/internal/cli/export.go:152.3,152.47 1 1
github.com/Sourcehaven-BV/rela/internal/cli/export.go:156.2,156.43 1 1
github.com/Sourcehaven-BV/rela/internal/cli/export.go:156.43,157.43 1 3
github.com/Sourcehaven-BV/rela/internal/cli/export.go:157.43,159.4 1 2
github.com/Sourcehaven-BV/rela/internal/cli/export.go:160.3,160.43 1 1
github.com/Sourcehaven-BV/rela/internal/cli/export.go:160.43,162.4 1 1
github.com/Sourcehaven-BV/rela/internal/cli/export.go:163.3,163.41 1 0
github.com/Sourcehaven-BV/rela/internal/cli/export.go:166.2,167.32 2 1
github.com/Sourcehaven-BV/rela/internal/cli/export.go:167.32,169.26 2 4
github.com/Sourcehaven-BV/rela/internal/cli/export.go:169.26,171.4 1 0
github.com/Sourcehaven-BV/rela/internal/cli/export.go:172.3,172.47 1 4
github.com/Sourcehaven-BV/rela/internal/cli/export.go:175.2,176.29 2 1
github.com/Sourcehaven-BV/rela/internal/cli/export.go:176.29,183.3 1 3
github.com/Sourcehaven-BV/rela/internal/cli/export.go:185.2,190.22 2 1
github.com/Sourcehaven-BV/rela/internal/cli/export.go:191.14,192.31 1 1
github.com/Sourcehaven-BV/rela/internal/cli/export.go:193.14,194.31 1 0
github.com/Sourcehaven-BV/rela/internal/cli/export.go:195.13,196.87 1 0
github.com/Sourcehaven-BV/rela/internal/cli/export.go:197.10,198.85 1 0
github.com/Sourcehaven-BV/rela/internal/cli/export.go:202.51,205.33 2 12
github.com/Sourcehaven-BV/rela/internal/cli/export.go:205.33,207.3 1 34
github.com/Sourcehaven-BV/rela/internal/cli/export.go:209.2,213.3 1 12
github.com/Sourcehaven-BV/rela/internal/cli/export.go:216.59,220.46 3 2
github.com/Sourcehaven-BV/rela/internal/cli/export.go:220.46,222.3 1 0
github.com/Sourcehaven-BV/rela/internal/cli/export.go:224.2,229.31 2 2
github.com/Sourcehaven-BV/rela/internal/cli/export.go:229.31,231.40 2 3
github.com/Sourcehaven-BV/rela/internal/cli/export.go:231.40,233.4 1 3
github.com/Sourcehaven-BV/rela/internal/cli/export.go:234.3,234.78 1 3
github.com/Sourcehaven-BV/rela/internal/cli/export.go:237.2,237.31 1 2
github.com/Sourcehaven-BV/rela/internal/cli/export.go:237.31,239.42 2 0
github.com/Sourcehaven-BV/rela/internal/cli/export.go:239.42,241.4 1 0
github.com/Sourcehaven-BV/rela/internal/cli/export.go:242.3,242.78 1 0
github.com/Sourcehaven-BV/rela/internal/cli/export.go:246.2,246.34 1 2
github.com/Sourcehaven-BV/rela/internal/cli/export.go:246.34,248.3 1 0
github.com/Sourcehaven-BV/rela/internal/cli/export.go:249.2,249.34 1 2
github.com/Sourcehaven-BV/rela/internal/cli/export.go:249.34,251.3 1 2
github.com/Sourcehaven-BV/rela/internal/cli/export.go:253.2,253.18 1 2
github.com/Sourcehaven-BV/rela/internal/cli/export.go:256.71,257.22 1 3
github.com/Sourcehaven-BV/rela/internal/cli/export.go:258.14,259.25 1 2
github.com/Sourcehaven-BV/rela/internal/cli/export.go:260.14,261.25 1 1
github.com/Sourcehaven-BV/rela/internal/cli/export.go:262.13,263.34 1 0
github.com/Sourcehaven-BV/rela/internal/cli/export.go:264.10,265.85 1 0
github.com/Sourcehaven-BV/rela/internal/cli/export.go:269.40,273.2 3 3
github.com/Sourcehaven-BV/rela/internal/cli/export.go:275.40,279.2 3 1
github.com/Sourcehaven-BV/rela/internal/cli/export.go:281.68,282.20 1 1
github.com/Sourcehaven-BV/rela/internal/cli/export.go:282.20,284.3 1 0
github.com/Sourcehaven-BV/rela/internal/cli/export.go:287.2,293.25 4 1
github.com/Sourcehaven-BV/rela/internal/cli/export.go:293.25,295.3 1 0
github.com/Sourcehaven-BV/rela/internal/cli/export.go:297.2,301.46 3 1
github.com/Sourcehaven-BV/rela/internal/cli/export.go:301.46,303.3 1 0
github.com/Sourcehaven-BV/rela/internal/cli/export.go:306.2,306.27 1 1
github.com/Sourcehaven-BV/rela/internal/cli/export.go:306.27,312.32 4 2
github.com/Sourcehaven-BV/rela/internal/cli/export.go:312.32,313.42 1 6
github.com/Sourcehaven-BV/rela/internal/cli/export.go:313.42,315.5 1 6
github.com/Sourcehaven-BV/rela/internal/cli/export.go:319.3,319.26 1 2
github.com/Sourcehaven-BV/rela/internal/cli/export.go:319.26,323.28 3 0
github.com/Sourcehaven-BV/rela/internal/cli/export.go:323.28,326.5 2 0
github.com/Sourcehaven-BV/rela/internal/cli/export.go:329.3,329.43 1 2
github.com/Sourcehaven-BV/rela/internal/cli/export.go:329.43,331.4 1 0
github.com/Sourcehaven-BV/rela/internal/cli/export.go:334.2,334.12 1 1
github.com/Sourcehaven-BV/rela/internal/cli/export.go:337.61,339.29 2 2
github.com/Sourcehaven-BV/rela/internal/cli/export.go:339.29,340.31 1 4
github.com/Sourcehaven-BV/rela/internal/cli/export.go:340.31,342.4 1 11
github.com/Sourcehaven-BV/rela/internal/cli/export.go:345.2,346.24 2 2
github.com/Sourcehaven-BV/rela/internal/cli/export.go:346.24,348.3 1 7
github.com/Sourcehaven-BV/rela/internal/cli/export.go:349.2,355.29 4 2
github.com/Sourcehaven-BV/rela/internal/cli/export.go:355.29,356.16 1 6
github.com/Sourcehaven-BV/rela/internal/cli/export.go:356.16,359.4 2 4
github.com/Sourcehaven-BV/rela/internal/cli/export.go:362.2,362.25 1 2
github.com/Sourcehaven-BV/rela/internal/cli/export.go:362.25,363.16 1 7
github.com/Sourcehaven-BV/rela/internal/cli/export.go:363.16,365.4 1 3
github.com/Sourcehaven-BV/rela/internal/cli/export.go:368.2,368.15 1 2
github.com/Sourcehaven-BV/rela/internal/cli/export.go:371.40,372.25 1 11
github.com/Sourcehaven-BV/rela/internal/cli/export.go:373.14,374.13 1 7
github.com/Sourcehaven-BV/rela/internal/cli/export.go:375.11,376.12 1 1
github.com/Sourcehaven-BV/rela/internal/cli/export.go:377.10,380.19 2 3
github.com/Sourcehaven-BV/rela/internal/cli/export.go:384.63,385.17 1 5
github.com/Sourcehaven-BV/rela/internal/cli/export.go:385.17,387.3 1 2
github.com/Sourcehaven-BV/rela/internal/cli/export.go:389.2,392.20 3 3
github.com/Sourcehaven-BV/rela/internal/cli/export.go:392.20,394.3 1 4
github.com/Sourcehaven-BV/rela/internal/cli/export.go:395.2,397.30 2 3
github.com/Sourcehaven-BV/rela/internal/cli/export.go:397.30,400.29 3 4
github.com/Sourcehaven-BV/rela/internal/cli/export.go:400.29,402.4 1 5
github.com/Sourcehaven-BV/rela/internal/cli/export.go:403.3,403.74 1 4
github.com/Sourcehaven-BV/rela/internal/cli/export.go:406.2,406.33 1 3
github.com/Sourcehaven-BV/rela/internal/cli/export.go:409.13,415.2 4 1
github.com/Sourcehaven-BV/rela/internal/cli/graph.go:31.54,37.26 3 0
github.com/Sourcehaven-BV/rela/internal/cli/graph.go:37.26,39.33 2 0
github.com/Sourcehaven-BV/rela/internal/cli/graph.go:39.33,44.5 3 0
github.com/Sourcehaven-BV/rela/internal/cli/graph.go:46.4,47.31 2 0
github.com/Sourcehaven-BV/rela/internal/cli/graph.go:47.31,48.24 1 0
github.com/Sourcehaven-BV/rela/internal/cli/graph.go:48.24,50.6 1 0
github.com/Sourcehaven-BV/rela/internal/cli/graph.go:52.4,56.31 3 0
github.com/Sourcehaven-BV/rela/internal/cli/graph.go:56.31,58.5 1 0
github.com/Sourcehaven-BV/rela/internal/cli/graph.go:60.4,61.31 2 0
github.com/Sourcehaven-BV/rela/internal/cli/graph.go:61.31,62.51 1 0
github.com/Sourcehaven-BV/rela/internal/cli/graph.go:62.51,64.6 1 0
github.com/Sourcehaven-BV/rela/internal/cli/graph.go:66.4,66.25 1 0
github.com/Sourcehaven-BV/rela/internal/cli/graph.go:70.3,73.24 2 0
github.com/Sourcehaven-BV/rela/internal/cli/graph.go:73.24,77.4 2 0
github.com/Sourcehaven-BV/rela/internal/cli/graph.go:80.3,80.48 1 0
github.com/Sourcehaven-BV/rela/internal/cli/graph.go:80.48,83.4 1 0
github.com/Sourcehaven-BV/rela/internal/cli/graph.go:86.3,86.54 1 0
github.com/Sourcehaven-BV/rela/internal/cli/graph.go:90.76,94.28 3 0
github.com/Sourcehaven-BV/rela/internal/cli/graph.go:94.28,96.3 1 0
github.com/Sourcehaven-BV/rela/internal/cli/graph.go:98.2,105.29 6 0
github.com/Sourcehaven-BV/rela/internal/cli/graph.go:105.29,107.3 1 0
github.com/Sourcehaven-BV/rela/internal/cli/graph.go:110.2,110.44 1 0
github.com/Sourcehaven-BV/rela/internal/cli/graph.go:110.44,116.70 4 0
github.com/Sourcehaven-BV/rela/internal/cli/graph.go:116.70,118.4 1 0
github.com/Sourcehaven-BV/rela/internal/cli/graph.go:120.3,120.27 1 0
github.com/Sourcehaven-BV/rela/internal/cli/graph.go:120.27,122.19 2 0
github.com/Sourcehaven-BV/rela/internal/cli/graph.go:122.19,124.5 1 0
github.com/Sourcehaven-BV/rela/internal/cli/graph.go:124.10,126.5 1 0
github.com/Sourcehaven-BV/rela/internal/cli/graph.go:127.4,128.25 1 0
github.com/Sourcehaven-BV/rela/internal/cli/graph.go:131.3,131.28 1 0
github.com/Sourcehaven-BV/rela/internal/cli/graph.go:135.2,135.29 1 0
github.com/Sourcehaven-BV/rela/internal/cli/graph.go:135.29,138.3 1 0
github.com/Sourcehaven-BV/rela/internal/cli/graph.go:140.2,142.20 2 0
github.com/Sourcehaven-BV/rela/internal/cli/graph.go:147.35,151.26 3 0
github.com/Sourcehaven-BV/rela/internal/cli/graph.go:151.26,153.3 1 0
github.com/Sourcehaven-BV/rela/internal/cli/graph.go:154.2,154.10 1 0
github.com/Sourcehaven-BV/rela/internal/cli/graph.go:158.63,161.16 2 0
github.com/Sourcehaven-BV/rela/internal/cli/graph.go:161.16,163.3 1 0
github.com/Sourcehaven-BV/rela/internal/cli/graph.go:165.2,169.34 4 0
github.com/Sourcehaven-BV/rela/internal/cli/graph.go:169.34,171.3 1 0
github.com/Sourcehaven-BV/rela/internal/cli/graph.go:173.2,174.12 2 0
github.com/Sourcehaven-BV/rela/internal/cli/graph.go:177.13,184.2 5 1
github.com/Sourcehaven-BV/rela/internal/cli/import.go:71.54,84.19 4 0
github.com/Sourcehaven-BV/rela/internal/cli/import.go:84.19,86.4 1 0
github.com/Sourcehaven-BV/rela/internal/cli/import.go:88.3,89.17 2 0
github.com/Sourcehaven-BV/rela/internal/cli/import.go:89.17,91.4 1 0
github.com/Sourcehaven-BV/rela/internal/cli/import.go:94.3,94.19 1 0
github.com/Sourcehaven-BV/rela/internal/cli/import.go:94.19,96.34 2 0
github.com/Sourcehaven-BV/rela/internal/cli/import.go:96.34,98.5 1 0
github.com/Sourcehaven-BV/rela/internal/cli/import.go:99.4,99.35 1 0
github.com/Sourcehaven-BV/rela/internal/cli/import.go:99.35,101.5 1 0
github.com/Sourcehaven-BV/rela/internal/cli/import.go:102.4,102.34 1 0
github.com/Sourcehaven-BV/rela/internal/cli/import.go:102.34,104.5 1 0
github.com/Sourcehaven-BV/rela/internal/cli/import.go:105.4,105.35 1 0
github.com/Sourcehaven-BV/rela/internal/cli/import.go:105.35,107.5 1 0
github.com/Sourcehaven-BV/rela/internal/cli/import.go:108.9,109.34 1 0
github.com/Sourcehaven-BV/rela/internal/cli/import.go:109.34,111.5 1 0
github.com/Sourcehaven-BV/rela/internal/cli/import.go:112.4,112.34 1 0
github.com/Sourcehaven-BV/rela/internal/cli/import.go:112.34,114.5 1 0
github.com/Sourcehaven-BV/rela/internal/cli/import.go:115.4,115.35 1 0
github.com/Sourcehaven-BV/rela/internal/cli/import.go:115.35,117.5 1 0
github.com/Sourcehaven-BV/rela/internal/cli/import.go:118.4,118.34 1 0
github.com/Sourcehaven-BV/rela/internal/cli/import.go:118.34,120.5 1 0
github.com/Sourcehaven-BV/rela/internal/cli/import.go:121.4,121.35 1 0
github.com/Sourcehaven-BV/rela/internal/cli/import.go:121.35,123.5 1 0
github.com/Sourcehaven-BV/rela/internal/cli/import.go:126.4,126.38 1 0
github.com/Sourcehaven-BV/rela/internal/cli/import.go:126.38,128.5 1 0
github.com/Sourcehaven-BV/rela/internal/cli/import.go:132.3,132.29 1 0
github.com/Sourcehaven-BV/rela/internal/cli/import.go:132.29,135.36 3 0
github.com/Sourcehaven-BV/rela/internal/cli/import.go:135.36,137.5 1 0
github.com/Sourcehaven-BV/rela/internal/cli/import.go:141.3,141.50 1 0
github.com/Sourcehaven-BV/rela/internal/cli/import.go:141.50,143.4 1 0
github.com/Sourcehaven-BV/rela/internal/cli/import.go:145.3,145.13 1 0
github.com/Sourcehaven-BV/rela/internal/cli/import.go:149.13,157.2 6 1
github.com/Sourcehaven-BV/rela/internal/cli/init.go:18.54,20.17 2 0
github.com/Sourcehaven-BV/rela/internal/cli/init.go:20.17,22.4 1 0
github.com/Sourcehaven-BV/rela/internal/cli/init.go:24.3,27.51 2 0
github.com/Sourcehaven-BV/rela/internal/cli/init.go:27.51,29.4 1 0
github.com/Sourcehaven-BV/rela/internal/cli/init.go:32.3,42.42 2 0
github.com/Sourcehaven-BV/rela/internal/cli/init.go:42.42,44.4 1 0
github.com/Sourcehaven-BV/rela/internal/cli/init.go:47.3,47.101 1 0
github.com/Sourcehaven-BV/rela/internal/cli/init.go:47.101,49.4 1 0
github.com/Sourcehaven-BV/rela/internal/cli/init.go:52.3,53.51 2 0
github.com/Sourcehaven-BV/rela/internal/cli/init.go:53.51,56.18 2 0
github.com/Sourcehaven-BV/rela/internal/cli/init.go:56.18,58.44 1 0
github.com/Sourcehaven-BV/rela/internal/cli/init.go:58.44,60.20 2 0
github.com/Sourcehaven-BV/rela/internal/cli/init.go:60.20,63.7 2 0
github.com/Sourcehaven-BV/rela/internal/cli/init.go:68.3,78.13 10 0
github.com/Sourcehaven-BV/rela/internal/cli/init.go:82.13,84.2 1 1
github.com/Sourcehaven-BV/rela/internal/cli/init.go:86.38,88.2 1 0
github.com/Sourcehaven-BV/rela/internal/cli/init.go:90.44,91.43 1 0
github.com/Sourcehaven-BV/rela/internal/cli/init.go:91.43,92.35 1 0
github.com/Sourcehaven-BV/rela/internal/cli/init.go:92.35,94.4 1 0
github.com/Sourcehaven-BV/rela/internal/cli/init.go:96.2,96.14 1 0
github.com/Sourcehaven-BV/rela/internal/cli/link.go:22.54,29.10 5 0
github.com/Sourcehaven-BV/rela/internal/cli/link.go:29.10,31.4 1 0
github.com/Sourcehaven-BV/rela/internal/cli/link.go:33.3,34.10 2 0
github.com/Sourcehaven-BV/rela/internal/cli/link.go:34.10,36.4 1 0
github.com/Sourcehaven-BV/rela/internal/cli/link.go:39.3,39.93 1 0
github.com/Sourcehaven-BV/rela/internal/cli/link.go:39.93,41.4 1 0
github.com/Sourcehaven-BV/rela/internal/cli/link.go:44.3,44.65 1 0
github.com/Sourcehaven-BV/rela/internal/cli/link.go:44.65,46.4 1 0
github.com/Sourcehaven-BV/rela/internal/cli/link.go:49.3,53.17 3 0
github.com/Sourcehaven-BV/rela/internal/cli/link.go:53.17,55.4 1 0
github.com/Sourcehaven-BV/rela/internal/cli/link.go:56.3,56.22 1 0
github.com/Sourcehaven-BV/rela/internal/cli/link.go:56.22,58.4 1 0
github.com/Sourcehaven-BV/rela/internal/cli/link.go:61.3,64.68 2 0
github.com/Sourcehaven-BV/rela/internal/cli/link.go:64.68,66.4 1 0
github.com/Sourcehaven-BV/rela/internal/cli/link.go:69.3,73.37 3 0
github.com/Sourcehaven-BV/rela/internal/cli/link.go:73.37,75.4 1 0
github.com/Sourcehaven-BV/rela/internal/cli/link.go:77.3,79.13 2 0
github.com/Sourcehaven-BV/rela/internal/cli/link.go:83.13,85.2 1 1
github.com/Sourcehaven-BV/rela/internal/cli/list.go:44.54,48.20 3 0
github.com/Sourcehaven-BV/rela/internal/cli/list.go:48.20,53.18 3 0
github.com/Sourcehaven-BV/rela/internal/cli/list.go:53.18,55.5 1 0
github.com/Sourcehaven-BV/rela/internal/cli/list.go:57.4,58.42 2 0
github.com/Sourcehaven-BV/rela/internal/cli/list.go:59.9,62.4 1 0
github.com/Sourcehaven-BV/rela/internal/cli/list.go:65.3,65.25 1 0
github.com/Sourcehaven-BV/rela/internal/cli/list.go:65.25,67.28 1 0
github.com/Sourcehaven-BV/rela/internal/cli/list.go:67.28,69.5 1 0
github.com/Sourcehaven-BV/rela/internal/cli/list.go:71.4,72.11 2 0
github.com/Sourcehaven-BV/rela/internal/cli/list.go:72.11,74.5 1 0
github.com/Sourcehaven-BV/rela/internal/cli/list.go:77.4,78.18 2 0
github.com/Sourcehaven-BV/rela/internal/cli/list.go:78.18,80.5 1 0
github.com/Sourcehaven-BV/rela/internal/cli/list.go:83.4,83.30 1 0
github.com/Sourcehaven-BV/rela/internal/cli/list.go:83.30,84.55 1 0
github.com/Sourcehaven-BV/rela/internal/cli/list.go:84.55,86.6 1 0
github.com/Sourcehaven-BV/rela/internal/cli/list.go:90.4,91.31 2 0
github.com/Sourcehaven-BV/rela/internal/cli/list.go:91.31,93.19 2 0
github.com/Sourcehaven-BV/rela/internal/cli/list.go:93.19,95.6 1 0
github.com/Sourcehaven-BV/rela/internal/cli/list.go:96.5,96.16 1 0
github.com/Sourcehaven-BV/rela/internal/cli/list.go:96.16,98.6 1 0
github.com/Sourcehaven-BV/rela/internal/cli/list.go:100.4,100.23 1 0
github.com/Sourcehaven-BV/rela/internal/cli/list.go:104.3,104.21 1 0
github.com/Sourcehaven-BV/rela/internal/cli/list.go:104.21,106.28 1 0
github.com/Sourcehaven-BV/rela/internal/cli/list.go:106.28,108.5 1 0
github.com/Sourcehaven-BV/rela/internal/cli/list.go:110.4,111.11 2 0
github.com/Sourcehaven-BV/rela/internal/cli/list.go:111.11,113.5 1 0
github.com/Sourcehaven-BV/rela/internal/cli/list.go:116.4,116.24 1 0
github.com/Sourcehaven-BV/rela/internal/cli/list.go:116.24,118.5 1 0
github.com/Sourcehaven-BV/rela/internal/cli/list.go:118.10,120.12 2 0
github.com/Sourcehaven-BV/rela/internal/cli/list.go:120.12,122.6 1 0
github.com/Sourcehaven-BV/rela/internal/cli/list.go:124.5,124.62 1 0
github.com/Sourcehaven-BV/rela/internal/cli/list.go:126.9,129.4 1 0
github.com/Sourcehaven-BV/rela/internal/cli/list.go:131.3,131.25 1 0
github.com/Sourcehaven-BV/rela/internal/cli/list.go:131.25,134.4 2 0
github.com/Sourcehaven-BV/rela/internal/cli/list.go:136.3,136.48 1 0
github.com/Sourcehaven-BV/rela/internal/cli/list.go:140.13,146.2 4 1
github.com/Sourcehaven-BV/rela/internal/cli/migrate.go:28.54,31.17 2 0
github.com/Sourcehaven-BV/rela/internal/cli/migrate.go:31.17,33.4 1 0
github.com/Sourcehaven-BV/rela/internal/cli/migrate.go:36.3,45.19 2 0
github.com/Sourcehaven-BV/rela/internal/cli/migrate.go:45.19,47.4 1 0
github.com/Sourcehaven-BV/rela/internal/cli/migrate.go:49.3,49.27 1 0
github.com/Sourcehaven-BV/rela/internal/cli/migrate.go:57.10,60.26 2 0
github.com/Sourcehaven-BV/rela/internal/cli/migrate.go:60.26,62.52 1 0
github.com/Sourcehaven-BV/rela/internal/cli/migrate.go:62.52,63.12 1 0
github.com/Sourcehaven-BV/rela/internal/cli/migrate.go:66.3,67.17 2 0
github.com/Sourcehaven-BV/rela/internal/cli/migrate.go:67.17,69.4 1 0
github.com/Sourcehaven-BV/rela/internal/cli/migrate.go:71.3,71.30 1 0
github.com/Sourcehaven-BV/rela/internal/cli/migrate.go:71.30,74.40 3 0
github.com/Sourcehaven-BV/rela/internal/cli/migrate.go:74.40,76.5 1 0
github.com/Sourcehaven-BV/rela/internal/cli/migrate.go:80.2,80.20 1 0
github.com/Sourcehaven-BV/rela/internal/cli/migrate.go:80.20,83.3 2 0
github.com/Sourcehaven-BV/rela/internal/cli/migrate.go:85.2,86.12 2 0
github.com/Sourcehaven-BV/rela/internal/cli/migrate.go:93.10,97.26 3 0
github.com/Sourcehaven-BV/rela/internal/cli/migrate.go:97.26,99.52 1 0
github.com/Sourcehaven-BV/rela/internal/cli/migrate.go:99.52,100.12 1 0
github.com/Sourcehaven-BV/rela/internal/cli/migrate.go:103.3,104.17 2 0
github.com/Sourcehaven-BV/rela/internal/cli/migrate.go:104.17,106.4 1 0
github.com/Sourcehaven-BV/rela/internal/cli/migrate.go:108.3,108.25 1 0
github.com/Sourcehaven-BV/rela/internal/cli/migrate.go:108.25,110.4 1 0
github.com/Sourcehaven-BV/rela/internal/cli/migrate.go:112.3,112.30 1 0
github.com/Sourcehaven-BV/rela/internal/cli/migrate.go:112.30,115.38 3 0
github.com/Sourcehaven-BV/rela/internal/cli/migrate.go:115.38,116.19 1 0
github.com/Sourcehaven-BV/rela/internal/cli/migrate.go:116.19,119.6 2 0
github.com/Sourcehaven-BV/rela/internal/cli/migrate.go:124.2,124.23 1 0
github.com/Sourcehaven-BV/rela/internal/cli/migrate.go:124.23,126.3 1 0
github.com/Sourcehaven-BV/rela/internal/cli/migrate.go:126.8,128.3 1 0
github.com/Sourcehaven-BV/rela/internal/cli/migrate.go:130.2,130.12 1 0
github.com/Sourcehaven-BV/rela/internal/cli/migrate.go:133.13,136.2 2 1
github.com/Sourcehaven-BV/rela/internal/cli/root.go:44.67,51.157 4 0
github.com/Sourcehaven-BV/rela/internal/cli/root.go:51.157,54.4 2 0
github.com/Sourcehaven-BV/rela/internal/cli/root.go:57.3,59.17 3 0
github.com/Sourcehaven-BV/rela/internal/cli/root.go:59.17,61.4 1 0
github.com/Sourcehaven-BV/rela/internal/cli/root.go:64.3,65.17 2 0
github.com/Sourcehaven-BV/rela/internal/cli/root.go:65.17,67.4 1 0
github.com/Sourcehaven-BV/rela/internal/cli/root.go:70.3,73.46 2 0
github.com/Sourcehaven-BV/rela/internal/cli/root.go:73.46,74.60 1 0
github.com/Sourcehaven-BV/rela/internal/cli/root.go:74.60,76.74 1 0
github.com/Sourcehaven-BV/rela/internal/cli/root.go:76.74,78.6 1 0
github.com/Sourcehaven-BV/rela/internal/cli/root.go:80.9,82.73 1 0
github.com/Sourcehaven-BV/rela/internal/cli/root.go:82.73,84.5 1 0
github.com/Sourcehaven-BV/rela/internal/cli/root.go:88.3,90.13 2 0
github.com/Sourcehaven-BV/rela/internal/cli/root.go:96.16,97.42 1 0
github.com/Sourcehaven-BV/rela/internal/cli/root.go:97.42,100.3 2 0
github.com/Sourcehaven-BV/rela/internal/cli/root.go:103.13,112.48 4 1
github.com/Sourcehaven-BV/rela/internal/cli/root.go:112.48,114.4 1 3
github.com/Sourcehaven-BV/rela/internal/cli/root.go:119.24,120.35 1 0
github.com/Sourcehaven-BV/rela/internal/cli/root.go:120.35,122.3 1 0
github.com/Sourcehaven-BV/rela/internal/cli/root.go:123.2,123.12 1 0
github.com/Sourcehaven-BV/rela/internal/cli/root.go:127.79,130.48 2 14
github.com/Sourcehaven-BV/rela/internal/cli/root.go:130.48,132.3 1 8
github.com/Sourcehaven-BV/rela/internal/cli/root.go:136.2,139.40 3 6
github.com/Sourcehaven-BV/rela/internal/cli/root.go:139.40,140.42 1 17
github.com/Sourcehaven-BV/rela/internal/cli/root.go:140.42,143.50 3 4
github.com/Sourcehaven-BV/rela/internal/cli/root.go:143.50,145.5 1 4
github.com/Sourcehaven-BV/rela/internal/cli/root.go:149.2,149.65 1 2
github.com/Sourcehaven-BV/rela/internal/cli/schema.go:49.54,50.21 1 2
github.com/Sourcehaven-BV/rela/internal/cli/schema.go:50.21,52.4 1 0
github.com/Sourcehaven-BV/rela/internal/cli/schema.go:53.3,53.29 1 2
github.com/Sourcehaven-BV/rela/internal/cli/schema.go:60.54,62.3 1 1
github.com/Sourcehaven-BV/rela/internal/cli/schema.go:68.54,70.3 1 3
github.com/Sourcehaven-BV/rela/internal/cli/schema.go:76.54,78.3 1 4
github.com/Sourcehaven-BV/rela/internal/cli/schema.go:84.54,86.3 1 2
github.com/Sourcehaven-BV/rela/internal/cli/schema.go:93.54,95.3 1 4
github.com/Sourcehaven-BV/rela/internal/cli/schema.go:102.54,104.3 1 3
github.com/Sourcehaven-BV/rela/internal/cli/schema.go:107.32,108.26 1 3
github.com/Sourcehaven-BV/rela/internal/cli/schema.go:108.26,110.3 1 1
github.com/Sourcehaven-BV/rela/internal/cli/schema.go:112.2,115.24 3 2
github.com/Sourcehaven-BV/rela/internal/cli/schema.go:115.24,117.3 1 2
github.com/Sourcehaven-BV/rela/internal/cli/schema.go:118.2,118.26 1 2
github.com/Sourcehaven-BV/rela/internal/cli/schema.go:118.26,120.3 1 2
github.com/Sourcehaven-BV/rela/internal/cli/schema.go:121.2,121.48 1 2
github.com/Sourcehaven-BV/rela/internal/cli/schema.go:121.48,123.3 1 2
github.com/Sourcehaven-BV/rela/internal/cli/schema.go:126.2,131.14 4 2
github.com/Sourcehaven-BV/rela/internal/cli/schema.go:131.14,132.36 1 2
github.com/Sourcehaven-BV/rela/internal/cli/schema.go:132.36,135.24 3 8
github.com/Sourcehaven-BV/rela/internal/cli/schema.go:135.24,137.5 1 0
github.com/Sourcehaven-BV/rela/internal/cli/schema.go:141.2,142.35 2 2
github.com/Sourcehaven-BV/rela/internal/cli/schema.go:142.35,144.58 2 8
github.com/Sourcehaven-BV/rela/internal/cli/schema.go:144.58,147.4 2 0
github.com/Sourcehaven-BV/rela/internal/cli/schema.go:147.9,149.4 1 8
github.com/Sourcehaven-BV/rela/internal/cli/schema.go:151.2,156.37 4 2
github.com/Sourcehaven-BV/rela/internal/cli/schema.go:156.37,159.3 2 8
github.com/Sourcehaven-BV/rela/internal/cli/schema.go:160.2,164.24 3 2
github.com/Sourcehaven-BV/rela/internal/cli/schema.go:164.24,166.34 2 2
github.com/Sourcehaven-BV/rela/internal/cli/schema.go:166.34,169.4 2 4
github.com/Sourcehaven-BV/rela/internal/cli/schema.go:172.2,172.12 1 2
github.com/Sourcehaven-BV/rela/internal/cli/schema.go:175.32,176.26 1 3
github.com/Sourcehaven-BV/rela/internal/cli/schema.go:176.26,178.3 1 1
github.com/Sourcehaven-BV/rela/internal/cli/schema.go:180.2,181.27 2 2
github.com/Sourcehaven-BV/rela/internal/cli/schema.go:181.27,184.3 2 1
github.com/Sourcehaven-BV/rela/internal/cli/schema.go:186.2,190.35 4 1
github.com/Sourcehaven-BV/rela/internal/cli/schema.go:190.35,194.27 3 4
github.com/Sourcehaven-BV/rela/internal/cli/schema.go:194.27,196.4 1 4
github.com/Sourcehaven-BV/rela/internal/cli/schema.go:197.3,201.39 4 4
github.com/Sourcehaven-BV/rela/internal/cli/schema.go:201.39,202.21 1 11
github.com/Sourcehaven-BV/rela/internal/cli/schema.go:202.21,204.5 1 6
github.com/Sourcehaven-BV/rela/internal/cli/schema.go:206.3,207.23 2 4
github.com/Sourcehaven-BV/rela/internal/cli/schema.go:210.2,210.12 1 1
github.com/Sourcehaven-BV/rela/internal/cli/schema.go:213.33,214.26 1 4
github.com/Sourcehaven-BV/rela/internal/cli/schema.go:214.26,216.3 1 0
github.com/Sourcehaven-BV/rela/internal/cli/schema.go:218.2,219.29 2 4
github.com/Sourcehaven-BV/rela/internal/cli/schema.go:219.29,222.3 2 1
github.com/Sourcehaven-BV/rela/internal/cli/schema.go:224.2,228.37 4 3
github.com/Sourcehaven-BV/rela/internal/cli/schema.go:228.37,233.54 4 6
github.com/Sourcehaven-BV/rela/internal/cli/schema.go:233.54,235.4 1 4
github.com/Sourcehaven-BV/rela/internal/cli/schema.go:237.3,237.28 1 6
github.com/Sourcehaven-BV/rela/internal/cli/schema.go:237.28,239.4 1 3
github.com/Sourcehaven-BV/rela/internal/cli/schema.go:242.3,243.27 2 6
github.com/Sourcehaven-BV/rela/internal/cli/schema.go:243.27,245.4 1 1
github.com/Sourcehaven-BV/rela/internal/cli/schema.go:246.3,246.27 1 6
github.com/Sourcehaven-BV/rela/internal/cli/schema.go:246.27,248.4 1 1
github.com/Sourcehaven-BV/rela/internal/cli/schema.go:249.3,249.27 1 6
github.com/Sourcehaven-BV/rela/internal/cli/schema.go:249.27,251.4 1 0
github.com/Sourcehaven-BV/rela/internal/cli/schema.go:252.3,252.27 1 6
github.com/Sourcehaven-BV/rela/internal/cli/schema.go:252.27,254.4 1 0
github.com/Sourcehaven-BV/rela/internal/cli/schema.go:255.3,255.25 1 6
github.com/Sourcehaven-BV/rela/internal/cli/schema.go:255.25,257.4 1 1
github.com/Sourcehaven-BV/rela/internal/cli/schema.go:259.3,259.20 1 6
github.com/Sourcehaven-BV/rela/internal/cli/schema.go:259.20,261.4 1 1
github.com/Sourcehaven-BV/rela/internal/cli/schema.go:263.3,263.23 1 6
github.com/Sourcehaven-BV/rela/internal/cli/schema.go:266.2,266.12 1 3
github.com/Sourcehaven-BV/rela/internal/cli/schema.go:269.29,270.26 1 2
github.com/Sourcehaven-BV/rela/internal/cli/schema.go:270.26,272.3 1 0
github.com/Sourcehaven-BV/rela/internal/cli/schema.go:274.2,275.25 2 2
github.com/Sourcehaven-BV/rela/internal/cli/schema.go:275.25,278.3 2 1
github.com/Sourcehaven-BV/rela/internal/cli/schema.go:280.2,284.33 4 1
github.com/Sourcehaven-BV/rela/internal/cli/schema.go:284.33,288.28 4 2
github.com/Sourcehaven-BV/rela/internal/cli/schema.go:288.28,290.4 1 1
github.com/Sourcehaven-BV/rela/internal/cli/schema.go:291.3,291.23 1 2
github.com/Sourcehaven-BV/rela/internal/cli/schema.go:294.2,294.12 1 1
github.com/Sourcehaven-BV/rela/internal/cli/schema.go:297.41,301.9 3 4
github.com/Sourcehaven-BV/rela/internal/cli/schema.go:301.9,303.3 1 1
github.com/Sourcehaven-BV/rela/internal/cli/schema.go:305.2,305.26 1 3
github.com/Sourcehaven-BV/rela/internal/cli/schema.go:305.26,307.3 1 1
github.com/Sourcehaven-BV/rela/internal/cli/schema.go:309.2,321.12 11 2
github.com/Sourcehaven-BV/rela/internal/cli/schema.go:324.70,326.26 2 2
github.com/Sourcehaven-BV/rela/internal/cli/schema.go:326.26,328.3 1 2
github.com/Sourcehaven-BV/rela/internal/cli/schema.go:329.2,331.23 2 2
github.com/Sourcehaven-BV/rela/internal/cli/schema.go:331.23,333.3 1 0
github.com/Sourcehaven-BV/rela/internal/cli/schema.go:335.2,335.46 1 2
github.com/Sourcehaven-BV/rela/internal/cli/schema.go:335.46,337.22 2 0
github.com/Sourcehaven-BV/rela/internal/cli/schema.go:337.22,339.4 1 0
github.com/Sourcehaven-BV/rela/internal/cli/schema.go:340.3,340.28 1 0
github.com/Sourcehaven-BV/rela/internal/cli/schema.go:340.28,342.4 1 0
github.com/Sourcehaven-BV/rela/internal/cli/schema.go:343.3,343.61 1 0
github.com/Sourcehaven-BV/rela/internal/cli/schema.go:347.54,350.39 2 2
github.com/Sourcehaven-BV/rela/internal/cli/schema.go:350.39,352.3 1 8
github.com/Sourcehaven-BV/rela/internal/cli/schema.go:353.2,353.44 1 2
github.com/Sourcehaven-BV/rela/internal/cli/schema.go:353.44,356.33 3 12
github.com/Sourcehaven-BV/rela/internal/cli/schema.go:356.33,358.4 1 8
github.com/Sourcehaven-BV/rela/internal/cli/schema.go:359.3,359.37 1 4
github.com/Sourcehaven-BV/rela/internal/cli/schema.go:362.2,362.37 1 2
github.com/Sourcehaven-BV/rela/internal/cli/schema.go:362.37,365.3 2 8
github.com/Sourcehaven-BV/rela/internal/cli/schema.go:368.71,370.19 2 8
github.com/Sourcehaven-BV/rela/internal/cli/schema.go:370.19,372.3 1 4
github.com/Sourcehaven-BV/rela/internal/cli/schema.go:374.2,375.25 2 8
github.com/Sourcehaven-BV/rela/internal/cli/schema.go:375.25,377.3 1 0
github.com/Sourcehaven-BV/rela/internal/cli/schema.go:379.2,381.28 2 8
github.com/Sourcehaven-BV/rela/internal/cli/schema.go:381.28,383.3 1 0
github.com/Sourcehaven-BV/rela/internal/cli/schema.go:384.2,384.24 1 8
github.com/Sourcehaven-BV/rela/internal/cli/schema.go:384.24,386.3 1 0
github.com/Sourcehaven-BV/rela/internal/cli/schema.go:387.2,387.26 1 8
github.com/Sourcehaven-BV/rela/internal/cli/schema.go:387.26,389.3 1 0
github.com/Sourcehaven-BV/rela/internal/cli/schema.go:389.8,389.56 1 8
github.com/Sourcehaven-BV/rela/internal/cli/schema.go:389.56,391.3 1 4
github.com/Sourcehaven-BV/rela/internal/cli/schema.go:392.2,392.23 1 8
github.com/Sourcehaven-BV/rela/internal/cli/schema.go:392.23,394.3 1 0
github.com/Sourcehaven-BV/rela/internal/cli/schema.go:397.44,399.46 2 2
github.com/Sourcehaven-BV/rela/internal/cli/schema.go:399.46,403.15 3 8
github.com/Sourcehaven-BV/rela/internal/cli/schema.go:403.15,406.4 2 0
github.com/Sourcehaven-BV/rela/internal/cli/schema.go:407.3,407.15 1 8
github.com/Sourcehaven-BV/rela/internal/cli/schema.go:407.15,410.61 3 2
github.com/Sourcehaven-BV/rela/internal/cli/schema.go:410.61,412.5 1 2
github.com/Sourcehaven-BV/rela/internal/cli/schema.go:413.4,413.85 1 2
github.com/Sourcehaven-BV/rela/internal/cli/schema.go:417.2,417.19 1 2
github.com/Sourcehaven-BV/rela/internal/cli/schema.go:417.19,419.3 1 0
github.com/Sourcehaven-BV/rela/internal/cli/schema.go:422.43,424.9 2 3
github.com/Sourcehaven-BV/rela/internal/cli/schema.go:424.9,426.3 1 1
github.com/Sourcehaven-BV/rela/internal/cli/schema.go:428.2,428.26 1 2
github.com/Sourcehaven-BV/rela/internal/cli/schema.go:428.26,430.3 1 1
github.com/Sourcehaven-BV/rela/internal/cli/schema.go:432.2,440.53 7 1
github.com/Sourcehaven-BV/rela/internal/cli/schema.go:440.53,445.3 4 1
github.com/Sourcehaven-BV/rela/internal/cli/schema.go:447.2,447.27 1 1
github.com/Sourcehaven-BV/rela/internal/cli/schema.go:447.27,450.3 2 1
github.com/Sourcehaven-BV/rela/internal/cli/schema.go:453.2,453.98 1 1
github.com/Sourcehaven-BV/rela/internal/cli/schema.go:453.98,456.27 3 0
github.com/Sourcehaven-BV/rela/internal/cli/schema.go:456.27,458.4 1 0
github.com/Sourcehaven-BV/rela/internal/cli/schema.go:459.3,459.27 1 0
github.com/Sourcehaven-BV/rela/internal/cli/schema.go:459.27,461.4 1 0
github.com/Sourcehaven-BV/rela/internal/cli/schema.go:462.3,462.27 1 0
github.com/Sourcehaven-BV/rela/internal/cli/schema.go:462.27,464.4 1 0
github.com/Sourcehaven-BV/rela/internal/cli/schema.go:465.3,465.27 1 0
github.com/Sourcehaven-BV/rela/internal/cli/schema.go:465.27,467.4 1 0
github.com/Sourcehaven-BV/rela/internal/cli/schema.go:470.2,470.19 1 1
github.com/Sourcehaven-BV/rela/internal/cli/schema.go:470.19,473.3 2 0
github.com/Sourcehaven-BV/rela/internal/cli/schema.go:475.2,475.12 1 1
github.com/Sourcehaven-BV/rela/internal/cli/schema.go:502.32,514.35 9 5
github.com/Sourcehaven-BV/rela/internal/cli/schema.go:514.35,518.22 3 14
github.com/Sourcehaven-BV/rela/internal/cli/schema.go:518.22,520.4 1 13
github.com/Sourcehaven-BV/rela/internal/cli/schema.go:521.3,522.24 2 14
github.com/Sourcehaven-BV/rela/internal/cli/schema.go:522.24,525.4 1 13
github.com/Sourcehaven-BV/rela/internal/cli/schema.go:526.3,527.45 1 14
github.com/Sourcehaven-BV/rela/internal/cli/schema.go:529.2,533.35 3 5
github.com/Sourcehaven-BV/rela/internal/cli/schema.go:533.35,535.3 1 14
github.com/Sourcehaven-BV/rela/internal/cli/schema.go:538.2,540.40 3 5
github.com/Sourcehaven-BV/rela/internal/cli/schema.go:540.40,545.24 3 10
github.com/Sourcehaven-BV/rela/internal/cli/schema.go:545.24,547.4 1 1
github.com/Sourcehaven-BV/rela/internal/cli/schema.go:550.3,550.36 1 10
github.com/Sourcehaven-BV/rela/internal/cli/schema.go:550.36,554.33 2 15
github.com/Sourcehaven-BV/rela/internal/cli/schema.go:554.33,557.5 1 29
github.com/Sourcehaven-BV/rela/internal/cli/schema.go:561.2,564.12 3 5
github.com/Sourcehaven-BV/rela/internal/cli/schema.go:568.37,581.35 2 13
github.com/Sourcehaven-BV/rela/internal/cli/schema.go:581.35,583.3 1 13
github.com/Sourcehaven-BV/rela/internal/cli/schema.go:585.2,585.18 1 0
github.com/Sourcehaven-BV/rela/internal/cli/schema.go:588.64,593.23 3 1
github.com/Sourcehaven-BV/rela/internal/cli/schema.go:593.23,595.3 1 1
github.com/Sourcehaven-BV/rela/internal/cli/schema.go:597.2,597.14 1 1
github.com/Sourcehaven-BV/rela/internal/cli/schema.go:600.61,605.22 3 7
github.com/Sourcehaven-BV/rela/internal/cli/schema.go:605.22,607.3 1 5
github.com/Sourcehaven-BV/rela/internal/cli/schema.go:609.2,610.22 2 7
github.com/Sourcehaven-BV/rela/internal/cli/schema.go:610.22,612.3 1 3
github.com/Sourcehaven-BV/rela/internal/cli/schema.go:614.2,614.33 1 7
github.com/Sourcehaven-BV/rela/internal/cli/schema.go:617.57,618.36 1 14
github.com/Sourcehaven-BV/rela/internal/cli/schema.go:618.36,620.3 1 6
github.com/Sourcehaven-BV/rela/internal/cli/schema.go:622.2,625.19 3 8
github.com/Sourcehaven-BV/rela/internal/cli/schema.go:625.19,627.3 1 5
github.com/Sourcehaven-BV/rela/internal/cli/schema.go:628.2,628.19 1 8
github.com/Sourcehaven-BV/rela/internal/cli/schema.go:628.19,630.3 1 4
github.com/Sourcehaven-BV/rela/internal/cli/schema.go:632.2,632.22 1 8
github.com/Sourcehaven-BV/rela/internal/cli/schema.go:632.22,634.3 1 1
github.com/Sourcehaven-BV/rela/internal/cli/schema.go:635.2,635.31 1 7
github.com/Sourcehaven-BV/rela/internal/cli/schema.go:640.60,642.31 2 9
github.com/Sourcehaven-BV/rela/internal/cli/schema.go:642.31,644.3 1 26
github.com/Sourcehaven-BV/rela/internal/cli/schema.go:645.2,645.40 1 9
github.com/Sourcehaven-BV/rela/internal/cli/schema.go:645.40,647.3 1 26
github.com/Sourcehaven-BV/rela/internal/cli/schema.go:648.2,648.14 1 9
github.com/Sourcehaven-BV/rela/internal/cli/schema.go:651.62,653.32 2 11
github.com/Sourcehaven-BV/rela/internal/cli/schema.go:653.32,655.3 1 24
github.com/Sourcehaven-BV/rela/internal/cli/schema.go:656.2,656.40 1 11
github.com/Sourcehaven-BV/rela/internal/cli/schema.go:656.40,658.3 1 25
github.com/Sourcehaven-BV/rela/internal/cli/schema.go:659.2,659.14 1 11
github.com/Sourcehaven-BV/rela/internal/cli/schema.go:662.58,664.28 2 4
github.com/Sourcehaven-BV/rela/internal/cli/schema.go:664.28,666.3 1 6
github.com/Sourcehaven-BV/rela/internal/cli/schema.go:667.2,668.14 2 4
github.com/Sourcehaven-BV/rela/internal/cli/schema.go:671.54,672.26 1 16
github.com/Sourcehaven-BV/rela/internal/cli/schema.go:672.26,673.16 1 24
github.com/Sourcehaven-BV/rela/internal/cli/schema.go:673.16,675.4 1 2
github.com/Sourcehaven-BV/rela/internal/cli/schema.go:677.2,677.14 1 14
github.com/Sourcehaven-BV/rela/internal/cli/schema.go:680.13,692.2 9 1
github.com/Sourcehaven-BV/rela/internal/cli/show.go:16.54,20.10 3 8
github.com/Sourcehaven-BV/rela/internal/cli/show.go:20.10,22.4 1 1
github.com/Sourcehaven-BV/rela/internal/cli/show.go:24.3,27.53 3 7
github.com/Sourcehaven-BV/rela/internal/cli/show.go:31.13,33.2 1 1
github.com/Sourcehaven-BV/rela/internal/cli/show.go:39.46,41.2 1 3
github.com/Sourcehaven-BV/rela/internal/cli/sync.go:24.54,28.17 3 0
github.com/Sourcehaven-BV/rela/internal/cli/sync.go:28.17,30.4 1 0
github.com/Sourcehaven-BV/rela/internal/cli/sync.go:33.3,33.41 1 0
github.com/Sourcehaven-BV/rela/internal/cli/sync.go:33.41,35.4 1 0
github.com/Sourcehaven-BV/rela/internal/cli/sync.go:38.3,38.37 1 0
github.com/Sourcehaven-BV/rela/internal/cli/sync.go:38.37,40.4 1 0
github.com/Sourcehaven-BV/rela/internal/cli/sync.go:42.3,44.29 2 0
github.com/Sourcehaven-BV/rela/internal/cli/sync.go:44.29,46.4 1 0
github.com/Sourcehaven-BV/rela/internal/cli/sync.go:48.3,48.13 1 0
github.com/Sourcehaven-BV/rela/internal/cli/sync.go:52.13,56.2 2 1
github.com/Sourcehaven-BV/rela/internal/cli/template.go:49.54,53.20 2 0
github.com/Sourcehaven-BV/rela/internal/cli/template.go:53.20,55.34 1 0
github.com/Sourcehaven-BV/rela/internal/cli/template.go:55.34,56.49 1 0
github.com/Sourcehaven-BV/rela/internal/cli/template.go:56.49,58.6 1 0
github.com/Sourcehaven-BV/rela/internal/cli/template.go:58.11,58.58 1 0
github.com/Sourcehaven-BV/rela/internal/cli/template.go:58.58,60.6 1 0
github.com/Sourcehaven-BV/rela/internal/cli/template.go:60.11,62.6 1 0
github.com/Sourcehaven-BV/rela/internal/cli/template.go:64.9,66.26 1 0
github.com/Sourcehaven-BV/rela/internal/cli/template.go:66.26,70.5 2 0
github.com/Sourcehaven-BV/rela/internal/cli/template.go:71.4,71.25 1 0
github.com/Sourcehaven-BV/rela/internal/cli/template.go:71.25,75.5 2 0
github.com/Sourcehaven-BV/rela/internal/cli/template.go:79.3,79.45 1 0
github.com/Sourcehaven-BV/rela/internal/cli/template.go:79.45,81.4 1 0
github.com/Sourcehaven-BV/rela/internal/cli/template.go:82.3,82.45 1 0
github.com/Sourcehaven-BV/rela/internal/cli/template.go:82.45,84.4 1 0
github.com/Sourcehaven-BV/rela/internal/cli/template.go:86.3,89.42 2 0
github.com/Sourcehaven-BV/rela/internal/cli/template.go:89.42,91.18 2 0
github.com/Sourcehaven-BV/rela/internal/cli/template.go:91.18,93.5 1 0
github.com/Sourcehaven-BV/rela/internal/cli/template.go:94.4,94.15 1 0
github.com/Sourcehaven-BV/rela/internal/cli/template.go:94.15,97.5 2 0
github.com/Sourcehaven-BV/rela/internal/cli/template.go:97.10,98.15 1 0
github.com/Sourcehaven-BV/rela/internal/cli/template.go:98.15,100.6 1 0
github.com/Sourcehaven-BV/rela/internal/cli/template.go:101.5,101.19 1 0
github.com/Sourcehaven-BV/rela/internal/cli/template.go:106.3,106.46 1 0
github.com/Sourcehaven-BV/rela/internal/cli/template.go:106.46,108.18 2 0
github.com/Sourcehaven-BV/rela/internal/cli/template.go:108.18,110.5 1 0
github.com/Sourcehaven-BV/rela/internal/cli/template.go:111.4,111.15 1 0
github.com/Sourcehaven-BV/rela/internal/cli/template.go:111.15,114.5 2 0
github.com/Sourcehaven-BV/rela/internal/cli/template.go:114.10,115.15 1 0
github.com/Sourcehaven-BV/rela/internal/cli/template.go:115.15,117.6 1 0
github.com/Sourcehaven-BV/rela/internal/cli/template.go:118.5,118.19 1 0
github.com/Sourcehaven-BV/rela/internal/cli/template.go:123.3,123.43 1 0
github.com/Sourcehaven-BV/rela/internal/cli/template.go:123.43,124.14 1 0
github.com/Sourcehaven-BV/rela/internal/cli/template.go:124.14,126.5 1 0
github.com/Sourcehaven-BV/rela/internal/cli/template.go:127.9,129.4 1 0
github.com/Sourcehaven-BV/rela/internal/cli/template.go:131.3,131.13 1 0
github.com/Sourcehaven-BV/rela/internal/cli/template.go:135.13,142.2 5 1
github.com/Sourcehaven-BV/rela/internal/cli/trace.go:34.54,37.40 2 0
github.com/Sourcehaven-BV/rela/internal/cli/trace.go:37.40,39.4 1 0
github.com/Sourcehaven-BV/rela/internal/cli/trace.go:41.3,42.20 2 0
github.com/Sourcehaven-BV/rela/internal/cli/trace.go:42.20,45.4 2 0
github.com/Sourcehaven-BV/rela/internal/cli/trace.go:47.3,47.32 1 0
github.com/Sourcehaven-BV/rela/internal/cli/trace.go:61.54,64.40 2 0
github.com/Sourcehaven-BV/rela/internal/cli/trace.go:64.40,66.4 1 0
github.com/Sourcehaven-BV/rela/internal/cli/trace.go:68.3,69.20 2 0
github.com/Sourcehaven-BV/rela/internal/cli/trace.go:69.20,72.4 2 0
github.com/Sourcehaven-BV/rela/internal/cli/trace.go:74.3,74.32 1 0
github.com/Sourcehaven-BV/rela/internal/cli/trace.go:86.54,90.38 3 0
github.com/Sourcehaven-BV/rela/internal/cli/trace.go:90.38,92.4 1 0
github.com/Sourcehaven-BV/rela/internal/cli/trace.go:93.3,93.36 1 0
github.com/Sourcehaven-BV/rela/internal/cli/trace.go:93.36,95.4 1 0
github.com/Sourcehaven-BV/rela/internal/cli/trace.go:97.3,98.18 2 0
github.com/Sourcehaven-BV/rela/internal/cli/trace.go:98.18,101.4 2 0
github.com/Sourcehaven-BV/rela/internal/cli/trace.go:103.3,103.29 1 0
github.com/Sourcehaven-BV/rela/internal/cli/trace.go:107.13,115.2 5 1
github.com/Sourcehaven-BV/rela/internal/cli/tui.go:34.54,37.17 2 0
github.com/Sourcehaven-BV/rela/internal/cli/tui.go:37.17,40.21 2 0
github.com/Sourcehaven-BV/rela/internal/cli/tui.go:40.21,42.5 1 0
github.com/Sourcehaven-BV/rela/internal/cli/tui.go:43.4,43.27 1 0
github.com/Sourcehaven-BV/rela/internal/cli/tui.go:47.3,48.17 2 0
github.com/Sourcehaven-BV/rela/internal/cli/tui.go:48.17,50.4 1 0
github.com/Sourcehaven-BV/rela/internal/cli/tui.go:53.3,56.39 2 0
github.com/Sourcehaven-BV/rela/internal/cli/tui.go:56.39,57.54 1 0
github.com/Sourcehaven-BV/rela/internal/cli/tui.go:57.54,59.66 1 0
github.com/Sourcehaven-BV/rela/internal/cli/tui.go:59.66,61.6 1 0
github.com/Sourcehaven-BV/rela/internal/cli/tui.go:63.9,65.65 1 0
github.com/Sourcehaven-BV/rela/internal/cli/tui.go:65.65,67.5 1 0
github.com/Sourcehaven-BV/rela/internal/cli/tui.go:70.3,70.30 1 0
github.com/Sourcehaven-BV/rela/internal/cli/tui.go:74.13,76.2 1 1
github.com/Sourcehaven-BV/rela/internal/cli/unlink.go:21.54,28.14 5 0
github.com/Sourcehaven-BV/rela/internal/cli/unlink.go:28.14,30.4 1 0
github.com/Sourcehaven-BV/rela/internal/cli/unlink.go:33.3,34.21 2 0
github.com/Sourcehaven-BV/rela/internal/cli/unlink.go:34.21,36.4 1 0
github.com/Sourcehaven-BV/rela/internal/cli/unlink.go:38.3,38.82 1 0
github.com/Sourcehaven-BV/rela/internal/cli/unlink.go:38.82,40.4 1 0
github.com/Sourcehaven-BV/rela/internal/cli/unlink.go:43.3,46.37 2 0
github.com/Sourcehaven-BV/rela/internal/cli/unlink.go:46.37,48.4 1 0
github.com/Sourcehaven-BV/rela/internal/cli/unlink.go:50.3,52.13 2 0
github.com/Sourcehaven-BV/rela/internal/cli/unlink.go:56.13,58.2 1 1
github.com/Sourcehaven-BV/rela/internal/cli/update.go:44.54,48.10 3 0
github.com/Sourcehaven-BV/rela/internal/cli/update.go:48.10,50.4 1 0
github.com/Sourcehaven-BV/rela/internal/cli/update.go:53.3,56.41 2 0
github.com/Sourcehaven-BV/rela/internal/cli/update.go:56.41,58.18 2 0
github.com/Sourcehaven-BV/rela/internal/cli/update.go:58.18,60.5 1 0
github.com/Sourcehaven-BV/rela/internal/cli/update.go:61.4,62.18 2 0
github.com/Sourcehaven-BV/rela/internal/cli/update.go:65.3,65.24 1 0
github.com/Sourcehaven-BV/rela/internal/cli/update.go:65.24,68.4 2 0
github.com/Sourcehaven-BV/rela/internal/cli/update.go:70.3,70.25 1 0
github.com/Sourcehaven-BV/rela/internal/cli/update.go:70.25,73.4 2 0
github.com/Sourcehaven-BV/rela/internal/cli/update.go:75.3,75.27 1 0
github.com/Sourcehaven-BV/rela/internal/cli/update.go:75.27,78.4 2 0
github.com/Sourcehaven-BV/rela/internal/cli/update.go:80.3,80.30 1 0
github.com/Sourcehaven-BV/rela/internal/cli/update.go:80.30,83.4 2 0
github.com/Sourcehaven-BV/rela/internal/cli/update.go:86.3,87.17 2 0
github.com/Sourcehaven-BV/rela/internal/cli/update.go:87.17,89.4 1 0
github.com/Sourcehaven-BV/rela/internal/cli/update.go:90.3,90.24 1 0
github.com/Sourcehaven-BV/rela/internal/cli/update.go:90.24,93.4 2 0
github.com/Sourcehaven-BV/rela/internal/cli/update.go:95.3,95.15 1 0
github.com/Sourcehaven-BV/rela/internal/cli/update.go:95.15,97.4 1 0
github.com/Sourcehaven-BV/rela/internal/cli/update.go:100.3,101.20 2 0
github.com/Sourcehaven-BV/rela/internal/cli/update.go:101.20,103.4 1 0
github.com/Sourcehaven-BV/rela/internal/cli/update.go:106.3,107.21 2 0
github.com/Sourcehaven-BV/rela/internal/cli/update.go:107.21,110.24 2 0
github.com/Sourcehaven-BV/rela/internal/cli/update.go:110.24,113.5 2 0
github.com/Sourcehaven-BV/rela/internal/cli/update.go:113.10,115.5 1 0
github.com/Sourcehaven-BV/rela/internal/cli/update.go:118.3,118.64 1 0
github.com/Sourcehaven-BV/rela/internal/cli/update.go:118.64,120.4 1 0
github.com/Sourcehaven-BV/rela/internal/cli/update.go:123.3,127.37 3 0
github.com/Sourcehaven-BV/rela/internal/cli/update.go:127.37,129.4 1 0
github.com/Sourcehaven-BV/rela/internal/cli/update.go:131.3,133.13 2 0
github.com/Sourcehaven-BV/rela/internal/cli/update.go:139.63,140.46 1 0
github.com/Sourcehaven-BV/rela/internal/cli/update.go:140.46,142.3 1 0
github.com/Sourcehaven-BV/rela/internal/cli/update.go:144.2,144.22 1 0
github.com/Sourcehaven-BV/rela/internal/cli/update.go:144.22,146.3 1 0
github.com/Sourcehaven-BV/rela/internal/cli/update.go:148.2,148.26 1 0
github.com/Sourcehaven-BV/rela/internal/cli/update.go:148.26,152.28 3 0
github.com/Sourcehaven-BV/rela/internal/cli/update.go:152.28,154.4 1 0
github.com/Sourcehaven-BV/rela/internal/cli/update.go:154.9,156.4 1 0
github.com/Sourcehaven-BV/rela/internal/cli/update.go:158.3,158.17 1 0
github.com/Sourcehaven-BV/rela/internal/cli/update.go:158.17,160.4 1 0
github.com/Sourcehaven-BV/rela/internal/cli/update.go:161.3,161.49 1 0
github.com/Sourcehaven-BV/rela/internal/cli/update.go:164.2,164.16 1 0
github.com/Sourcehaven-BV/rela/internal/cli/update.go:167.13,177.2 8 1
github.com/Sourcehaven-BV/rela/internal/cli/view.go:24.54,31.17 5 0
github.com/Sourcehaven-BV/rela/internal/cli/view.go:31.17,33.4 1 0
github.com/Sourcehaven-BV/rela/internal/cli/view.go:36.3,37.10 2 0
github.com/Sourcehaven-BV/rela/internal/cli/view.go:37.10,39.4 1 0
github.com/Sourcehaven-BV/rela/internal/cli/view.go:42.3,42.78 1 0
github.com/Sourcehaven-BV/rela/internal/cli/view.go:42.78,44.4 1 0
github.com/Sourcehaven-BV/rela/internal/cli/view.go:47.3,51.17 3 0
github.com/Sourcehaven-BV/rela/internal/cli/view.go:51.17,53.4 1 0
github.com/Sourcehaven-BV/rela/internal/cli/view.go:56.3,57.40 2 0
github.com/Sourcehaven-BV/rela/internal/cli/view.go:57.40,59.4 1 0
github.com/Sourcehaven-BV/rela/internal/cli/view.go:61.3,62.17 2 0
github.com/Sourcehaven-BV/rela/internal/cli/view.go:62.17,64.4 1 0
github.com/Sourcehaven-BV/rela/internal/cli/view.go:66.3,68.13 2 0
github.com/Sourcehaven-BV/rela/internal/cli/view.go:72.13,74.2 1 1
github.com/Sourcehaven-BV/rela/internal/errors/errors.go:22.46,24.2 1 1
github.com/Sourcehaven-BV/rela/internal/errors/errors.go:26.46,28.2 1 1
github.com/Sourcehaven-BV/rela/internal/errors/errors.go:34.50,36.2 1 1
github.com/Sourcehaven-BV/rela/internal/errors/errors.go:38.50,40.2 1 1
github.com/Sourcehaven-BV/rela/internal/errors/errors.go:46.48,48.2 1 1
github.com/Sourcehaven-BV/rela/internal/errors/errors.go:50.48,52.2 1 1
github.com/Sourcehaven-BV/rela/internal/errors/errors.go:59.42,61.2 1 1
github.com/Sourcehaven-BV/rela/internal/errors/errors.go:63.42,65.2 1 1
github.com/Sourcehaven-BV/rela/internal/importer/importer.go:67.37,69.2 1 4
github.com/Sourcehaven-BV/rela/internal/importer/importer.go:101.99,108.2 1 13
github.com/Sourcehaven-BV/rela/internal/importer/importer.go:111.63,113.18 2 1
github.com/Sourcehaven-BV/rela/internal/importer/importer.go:113.18,115.19 2 1
github.com/Sourcehaven-BV/rela/internal/importer/importer.go:115.19,117.4 1 0
github.com/Sourcehaven-BV/rela/internal/importer/importer.go:120.2,121.16 2 1
github.com/Sourcehaven-BV/rela/internal/importer/importer.go:121.16,123.3 1 0
github.com/Sourcehaven-BV/rela/internal/importer/importer.go:124.2,127.16 3 1
github.com/Sourcehaven-BV/rela/internal/importer/importer.go:128.18,129.30 1 1
github.com/Sourcehaven-BV/rela/internal/importer/importer.go:130.18,131.30 1 0
github.com/Sourcehaven-BV/rela/internal/importer/importer.go:132.17,135.49 2 0
github.com/Sourcehaven-BV/rela/internal/importer/importer.go:135.49,137.21 2 0
github.com/Sourcehaven-BV/rela/internal/importer/importer.go:137.21,139.5 1 0
github.com/Sourcehaven-BV/rela/internal/importer/importer.go:140.4,140.28 1 0
github.com/Sourcehaven-BV/rela/internal/importer/importer.go:142.10,143.59 1 0
github.com/Sourcehaven-BV/rela/internal/importer/importer.go:146.2,146.16 1 1
github.com/Sourcehaven-BV/rela/internal/importer/importer.go:146.16,148.3 1 0
github.com/Sourcehaven-BV/rela/internal/importer/importer.go:150.2,150.25 1 1
github.com/Sourcehaven-BV/rela/internal/importer/importer.go:154.64,159.16 3 13
github.com/Sourcehaven-BV/rela/internal/importer/importer.go:159.16,161.3 1 5
github.com/Sourcehaven-BV/rela/internal/importer/importer.go:164.2,165.16 2 8
github.com/Sourcehaven-BV/rela/internal/importer/importer.go:165.16,167.3 1 0
github.com/Sourcehaven-BV/rela/internal/importer/importer.go:170.2,170.21 1 8
github.com/Sourcehaven-BV/rela/internal/importer/importer.go:170.21,174.3 3 1
github.com/Sourcehaven-BV/rela/internal/importer/importer.go:177.2,177.66 1 7
github.com/Sourcehaven-BV/rela/internal/importer/importer.go:177.66,179.3 1 0
github.com/Sourcehaven-BV/rela/internal/importer/importer.go:182.2,182.68 1 7
github.com/Sourcehaven-BV/rela/internal/importer/importer.go:182.68,184.3 1 0
github.com/Sourcehaven-BV/rela/internal/importer/importer.go:186.2,186.20 1 7
github.com/Sourcehaven-BV/rela/internal/importer/importer.go:190.100,192.30 2 13
github.com/Sourcehaven-BV/rela/internal/importer/importer.go:192.30,193.53 1 17
github.com/Sourcehaven-BV/rela/internal/importer/importer.go:193.53,195.27 2 6
github.com/Sourcehaven-BV/rela/internal/importer/importer.go:195.27,198.13 3 1
github.com/Sourcehaven-BV/rela/internal/importer/importer.go:200.4,200.25 1 5
github.com/Sourcehaven-BV/rela/internal/importer/importer.go:202.3,202.28 1 11
github.com/Sourcehaven-BV/rela/internal/importer/importer.go:204.2,204.19 1 8
github.com/Sourcehaven-BV/rela/internal/importer/importer.go:210.27,213.35 2 8
github.com/Sourcehaven-BV/rela/internal/importer/importer.go:213.35,215.3 1 11
github.com/Sourcehaven-BV/rela/internal/importer/importer.go:216.2,216.36 1 8
github.com/Sourcehaven-BV/rela/internal/importer/importer.go:216.36,218.3 1 1
github.com/Sourcehaven-BV/rela/internal/importer/importer.go:220.2,221.31 2 8
github.com/Sourcehaven-BV/rela/internal/importer/importer.go:221.31,222.66 1 1
github.com/Sourcehaven-BV/rela/internal/importer/importer.go:222.66,224.27 2 0
github.com/Sourcehaven-BV/rela/internal/importer/importer.go:224.27,227.13 3 0
github.com/Sourcehaven-BV/rela/internal/importer/importer.go:229.4,229.25 1 0
github.com/Sourcehaven-BV/rela/internal/importer/importer.go:231.3,231.28 1 1
github.com/Sourcehaven-BV/rela/internal/importer/importer.go:233.2,233.19 1 8
github.com/Sourcehaven-BV/rela/internal/importer/importer.go:237.82,238.30 1 7
github.com/Sourcehaven-BV/rela/internal/importer/importer.go:238.30,240.17 2 10
github.com/Sourcehaven-BV/rela/internal/importer/importer.go:240.17,242.27 2 0
github.com/Sourcehaven-BV/rela/internal/importer/importer.go:242.27,245.13 3 0
github.com/Sourcehaven-BV/rela/internal/importer/importer.go:247.4,247.18 1 0
github.com/Sourcehaven-BV/rela/internal/importer/importer.go:249.3,249.14 1 10
github.com/Sourcehaven-BV/rela/internal/importer/importer.go:249.14,251.4 1 9
github.com/Sourcehaven-BV/rela/internal/importer/importer.go:251.9,253.4 1 1
github.com/Sourcehaven-BV/rela/internal/importer/importer.go:255.2,255.12 1 7
github.com/Sourcehaven-BV/rela/internal/importer/importer.go:259.86,260.31 1 7
github.com/Sourcehaven-BV/rela/internal/importer/importer.go:260.31,262.17 2 1
github.com/Sourcehaven-BV/rela/internal/importer/importer.go:262.17,264.27 2 0
github.com/Sourcehaven-BV/rela/internal/importer/importer.go:264.27,267.13 3 0
github.com/Sourcehaven-BV/rela/internal/importer/importer.go:269.4,269.18 1 0
github.com/Sourcehaven-BV/rela/internal/importer/importer.go:271.3,271.14 1 1
github.com/Sourcehaven-BV/rela/internal/importer/importer.go:271.14,273.4 1 1
github.com/Sourcehaven-BV/rela/internal/importer/importer.go:273.9,275.4 1 0
github.com/Sourcehaven-BV/rela/internal/importer/importer.go:277.2,277.12 1 7
github.com/Sourcehaven-BV/rela/internal/importer/importer.go:281.63,283.17 1 17
github.com/Sourcehaven-BV/rela/internal/importer/importer.go:283.17,285.3 1 1
github.com/Sourcehaven-BV/rela/internal/importer/importer.go:286.2,286.48 1 16
github.com/Sourcehaven-BV/rela/internal/importer/importer.go:286.48,288.3 1 0
github.com/Sourcehaven-BV/rela/internal/importer/importer.go:291.2,291.19 1 16
github.com/Sourcehaven-BV/rela/internal/importer/importer.go:291.19,293.3 1 1
github.com/Sourcehaven-BV/rela/internal/importer/importer.go:296.2,300.9 3 15
github.com/Sourcehaven-BV/rela/internal/importer/importer.go:300.9,302.3 1 2
github.com/Sourcehaven-BV/rela/internal/importer/importer.go:305.2,305.47 1 13
github.com/Sourcehaven-BV/rela/internal/importer/importer.go:305.47,306.23 1 2
github.com/Sourcehaven-BV/rela/internal/importer/importer.go:306.23,308.4 1 1
github.com/Sourcehaven-BV/rela/internal/importer/importer.go:312.2,313.34 2 12
github.com/Sourcehaven-BV/rela/internal/importer/importer.go:313.34,315.3 1 13
github.com/Sourcehaven-BV/rela/internal/importer/importer.go:318.2,318.61 1 12
github.com/Sourcehaven-BV/rela/internal/importer/importer.go:318.61,320.26 2 10
github.com/Sourcehaven-BV/rela/internal/importer/importer.go:320.26,322.4 1 10
github.com/Sourcehaven-BV/rela/internal/importer/importer.go:326.2,327.19 2 12
github.com/Sourcehaven-BV/rela/internal/importer/importer.go:327.19,329.26 2 1
github.com/Sourcehaven-BV/rela/internal/importer/importer.go:329.26,331.4 1 1
github.com/Sourcehaven-BV/rela/internal/importer/importer.go:332.3,332.71 1 1
github.com/Sourcehaven-BV/rela/internal/importer/importer.go:335.2,335.12 1 11
github.com/Sourcehaven-BV/rela/internal/importer/importer.go:339.93,340.19 1 1
github.com/Sourcehaven-BV/rela/internal/importer/importer.go:340.19,342.3 1 0
github.com/Sourcehaven-BV/rela/internal/importer/importer.go:343.2,343.23 1 1
github.com/Sourcehaven-BV/rela/internal/importer/importer.go:343.23,345.3 1 0
github.com/Sourcehaven-BV/rela/internal/importer/importer.go:346.2,346.17 1 1
github.com/Sourcehaven-BV/rela/internal/importer/importer.go:346.17,348.3 1 0
github.com/Sourcehaven-BV/rela/internal/importer/importer.go:351.2,351.24 1 1
github.com/Sourcehaven-BV/rela/internal/importer/importer.go:351.24,353.3 1 0
github.com/Sourcehaven-BV/rela/internal/importer/importer.go:354.2,354.22 1 1
github.com/Sourcehaven-BV/rela/internal/importer/importer.go:354.22,356.3 1 0
github.com/Sourcehaven-BV/rela/internal/importer/importer.go:359.2,360.44 2 1
github.com/Sourcehaven-BV/rela/internal/importer/importer.go:360.44,362.3 1 0
github.com/Sourcehaven-BV/rela/internal/importer/importer.go:362.8,366.3 1 1
github.com/Sourcehaven-BV/rela/internal/importer/importer.go:367.2,367.42 1 0
github.com/Sourcehaven-BV/rela/internal/importer/importer.go:367.42,369.3 1 0
github.com/Sourcehaven-BV/rela/internal/importer/importer.go:369.8,371.3 1 0
github.com/Sourcehaven-BV/rela/internal/importer/importer.go:374.2,374.65 1 0
github.com/Sourcehaven-BV/rela/internal/importer/importer.go:378.77,382.34 3 10
github.com/Sourcehaven-BV/rela/internal/importer/importer.go:382.34,384.3 1 12
github.com/Sourcehaven-BV/rela/internal/importer/importer.go:387.2,387.61 1 10
github.com/Sourcehaven-BV/rela/internal/importer/importer.go:387.61,389.26 2 8
github.com/Sourcehaven-BV/rela/internal/importer/importer.go:389.26,391.4 1 8
github.com/Sourcehaven-BV/rela/internal/importer/importer.go:395.2,400.12 4 10
github.com/Sourcehaven-BV/rela/internal/importer/importer.go:400.12,402.34 1 1
github.com/Sourcehaven-BV/rela/internal/importer/importer.go:402.34,404.4 1 1
github.com/Sourcehaven-BV/rela/internal/importer/importer.go:408.2,408.63 1 10
github.com/Sourcehaven-BV/rela/internal/importer/importer.go:408.63,410.3 1 0
github.com/Sourcehaven-BV/rela/internal/importer/importer.go:413.2,414.12 2 10
github.com/Sourcehaven-BV/rela/internal/importer/importer.go:414.12,417.3 1 1
github.com/Sourcehaven-BV/rela/internal/importer/importer.go:417.8,419.3 1 9
github.com/Sourcehaven-BV/rela/internal/importer/importer.go:421.2,421.21 1 10
github.com/Sourcehaven-BV/rela/internal/importer/importer.go:425.81,427.69 1 1
github.com/Sourcehaven-BV/rela/internal/importer/importer.go:427.69,429.3 1 0
github.com/Sourcehaven-BV/rela/internal/importer/importer.go:432.2,439.67 4 1
github.com/Sourcehaven-BV/rela/internal/importer/importer.go:439.67,441.3 1 0
github.com/Sourcehaven-BV/rela/internal/importer/importer.go:444.2,447.18 3 1
github.com/Sourcehaven-BV/rela/internal/importer/importer.go:451.39,453.13 2 8
github.com/Sourcehaven-BV/rela/internal/importer/importer.go:454.15,455.20 1 3
github.com/Sourcehaven-BV/rela/internal/importer/importer.go:456.23,457.20 1 2
github.com/Sourcehaven-BV/rela/internal/importer/importer.go:458.14,459.19 1 1
github.com/Sourcehaven-BV/rela/internal/importer/importer.go:460.10,461.12 1 2
github.com/Sourcehaven-BV/rela/internal/importer/importer.go:466.50,468.56 2 5
github.com/Sourcehaven-BV/rela/internal/importer/importer.go:468.56,470.3 1 1
github.com/Sourcehaven-BV/rela/internal/importer/importer.go:473.2,477.51 2 4
github.com/Sourcehaven-BV/rela/internal/importer/importer.go:477.51,479.52 1 2
github.com/Sourcehaven-BV/rela/internal/importer/importer.go:479.52,480.59 1 2
[...]
github.com/Sourcehaven-BV/rela/internal/dataentry/sync.go:562.55,567.2 4 10
github.com/Sourcehaven-BV/rela/internal/dataentry/sync.go:570.61,571.18 1 62
github.com/Sourcehaven-BV/rela/internal/dataentry/sync.go:571.18,573.3 1 0
github.com/Sourcehaven-BV/rela/internal/dataentry/sync.go:575.2,576.48 2 62
github.com/Sourcehaven-BV/rela/internal/dataentry/sync.go:576.48,579.3 2 0
github.com/Sourcehaven-BV/rela/internal/dataentry/sync.go:580.2,583.46 2 62
github.com/Sourcehaven-BV/rela/internal/dataentry/sync.go:583.46,584.61 1 4
github.com/Sourcehaven-BV/rela/internal/dataentry/sync.go:584.61,589.4 4 2
github.com/Sourcehaven-BV/rela/internal/dataentry/sync.go:591.2,591.14 1 60
github.com/Sourcehaven-BV/rela/internal/dataentry/sync.go:595.55,597.43 1 10
github.com/Sourcehaven-BV/rela/internal/dataentry/sync.go:597.43,599.3 1 0
github.com/Sourcehaven-BV/rela/internal/dataentry/sync.go:602.2,603.16 2 10
github.com/Sourcehaven-BV/rela/internal/dataentry/sync.go:603.16,605.3 1 0
github.com/Sourcehaven-BV/rela/internal/dataentry/sync.go:606.2,606.40 1 10
github.com/Sourcehaven-BV/rela/internal/dataentry/sync.go:606.40,608.3 1 0
github.com/Sourcehaven-BV/rela/internal/dataentry/sync.go:610.2,610.55 1 10
github.com/Sourcehaven-BV/rela/internal/dataentry/sync.go:610.55,612.3 1 0
github.com/Sourcehaven-BV/rela/internal/dataentry/sync.go:614.2,615.12 2 10
github.com/Sourcehaven-BV/rela/internal/dataentry/sync.go:619.39,626.59 4 6
github.com/Sourcehaven-BV/rela/internal/dataentry/sync.go:626.59,632.35 5 0
github.com/Sourcehaven-BV/rela/internal/dataentry/sync.go:632.35,639.4 6 0
github.com/Sourcehaven-BV/rela/internal/dataentry/sync.go:642.3,643.13 2 0
github.com/Sourcehaven-BV/rela/internal/dataentry/sync.go:647.2,651.16 5 6
github.com/Sourcehaven-BV/rela/internal/dataentry/sync.go:651.16,653.3 1 0
github.com/Sourcehaven-BV/rela/internal/dataentry/sync.go:656.2,660.18 4 6
github.com/Sourcehaven-BV/rela/internal/dataentry/sync.go:660.18,663.3 2 0
github.com/Sourcehaven-BV/rela/internal/dataentry/sync.go:665.2,668.65 2 6
github.com/Sourcehaven-BV/rela/internal/dataentry/sync.go:668.65,673.48 4 0
github.com/Sourcehaven-BV/rela/internal/dataentry/sync.go:673.48,674.44 1 0
github.com/Sourcehaven-BV/rela/internal/dataentry/sync.go:674.44,676.5 1 0
github.com/Sourcehaven-BV/rela/internal/dataentry/sync.go:678.3,679.13 2 0
github.com/Sourcehaven-BV/rela/internal/dataentry/sync.go:683.2,684.19 2 6
github.com/Sourcehaven-BV/rela/internal/dataentry/sync.go:684.19,687.3 2 0
github.com/Sourcehaven-BV/rela/internal/dataentry/sync.go:689.2,690.21 2 6
github.com/Sourcehaven-BV/rela/internal/dataentry/sync.go:690.21,693.3 2 0
github.com/Sourcehaven-BV/rela/internal/dataentry/sync.go:695.2,702.31 6 6
github.com/Sourcehaven-BV/rela/internal/dataentry/sync.go:702.31,706.3 2 0
github.com/Sourcehaven-BV/rela/internal/dataentry/sync.go:708.2,708.30 1 6
github.com/Sourcehaven-BV/rela/internal/dataentry/sync.go:708.30,710.63 1 2
github.com/Sourcehaven-BV/rela/internal/dataentry/sync.go:710.63,713.4 2 0
github.com/Sourcehaven-BV/rela/internal/dataentry/sync.go:714.3,719.20 5 2
github.com/Sourcehaven-BV/rela/internal/dataentry/sync.go:719.20,721.4 1 1
github.com/Sourcehaven-BV/rela/internal/dataentry/sync.go:722.3,722.13 1 2
github.com/Sourcehaven-BV/rela/internal/dataentry/sync.go:725.2,725.15 1 4
github.com/Sourcehaven-BV/rela/internal/dataentry/sync.go:725.15,729.3 2 0
github.com/Sourcehaven-BV/rela/internal/dataentry/sync.go:731.2,731.30 1 4
github.com/Sourcehaven-BV/rela/internal/dataentry/sync.go:731.30,733.16 1 2
github.com/Sourcehaven-BV/rela/internal/dataentry/sync.go:733.16,734.52 1 1
github.com/Sourcehaven-BV/rela/internal/dataentry/sync.go:734.52,737.5 2 0
github.com/Sourcehaven-BV/rela/internal/dataentry/sync.go:739.3,739.43 1 2
github.com/Sourcehaven-BV/rela/internal/dataentry/sync.go:739.43,741.4 1 0
github.com/Sourcehaven-BV/rela/internal/dataentry/sync.go:742.3,743.13 2 2
github.com/Sourcehaven-BV/rela/internal/dataentry/sync.go:747.2,747.15 1 2
github.com/Sourcehaven-BV/rela/internal/dataentry/sync.go:747.15,748.51 1 0
github.com/Sourcehaven-BV/rela/internal/dataentry/sync.go:748.51,751.4 2 0
github.com/Sourcehaven-BV/rela/internal/dataentry/sync.go:755.2,755.50 1 2
github.com/Sourcehaven-BV/rela/internal/dataentry/sync.go:755.50,761.22 3 1
github.com/Sourcehaven-BV/rela/internal/dataentry/sync.go:761.22,763.4 1 0
github.com/Sourcehaven-BV/rela/internal/dataentry/sync.go:765.3,768.16 4 1
github.com/Sourcehaven-BV/rela/internal/dataentry/sync.go:768.16,770.4 1 1
github.com/Sourcehaven-BV/rela/internal/dataentry/sync.go:771.3,772.39 2 1
github.com/Sourcehaven-BV/rela/internal/dataentry/sync.go:775.2,775.42 1 1
github.com/Sourcehaven-BV/rela/internal/dataentry/sync.go:775.42,777.3 1 0
github.com/Sourcehaven-BV/rela/internal/dataentry/sync.go:778.2,779.12 2 1
github.com/Sourcehaven-BV/rela/internal/dataentry/sync.go:783.60,786.16 2 1
github.com/Sourcehaven-BV/rela/internal/dataentry/sync.go:786.16,788.3 1 0
github.com/Sourcehaven-BV/rela/internal/dataentry/sync.go:789.2,793.16 3 1
github.com/Sourcehaven-BV/rela/internal/dataentry/sync.go:793.16,795.3 1 0
github.com/Sourcehaven-BV/rela/internal/dataentry/sync.go:797.2,799.20 3 1
github.com/Sourcehaven-BV/rela/internal/dataentry/sync.go:799.20,801.22 2 1
github.com/Sourcehaven-BV/rela/internal/dataentry/sync.go:801.22,803.4 1 0
github.com/Sourcehaven-BV/rela/internal/dataentry/sync.go:803.9,805.4 1 1
github.com/Sourcehaven-BV/rela/internal/dataentry/sync.go:809.2,809.55 1 1
github.com/Sourcehaven-BV/rela/internal/dataentry/sync.go:809.55,811.3 1 0
github.com/Sourcehaven-BV/rela/internal/dataentry/sync.go:814.2,814.57 1 1
github.com/Sourcehaven-BV/rela/internal/dataentry/sync.go:814.57,816.3 1 0
github.com/Sourcehaven-BV/rela/internal/dataentry/sync.go:818.2,818.12 1 1
github.com/Sourcehaven-BV/rela/internal/dataentry/sync.go:822.52,826.16 4 4
github.com/Sourcehaven-BV/rela/internal/dataentry/sync.go:826.16,829.35 2 0
github.com/Sourcehaven-BV/rela/internal/dataentry/sync.go:829.35,836.4 6 0
github.com/Sourcehaven-BV/rela/internal/dataentry/sync.go:837.3,841.44 5 0
github.com/Sourcehaven-BV/rela/internal/dataentry/sync.go:843.2,843.12 1 4
github.com/Sourcehaven-BV/rela/internal/dataentry/sync.go:847.47,857.29 3 5
github.com/Sourcehaven-BV/rela/internal/dataentry/sync.go:857.29,858.33 1 17
github.com/Sourcehaven-BV/rela/internal/dataentry/sync.go:858.33,860.4 1 3
github.com/Sourcehaven-BV/rela/internal/dataentry/sync.go:862.2,862.14 1 2
github.com/Sourcehaven-BV/rela/internal/dataentry/sync.go:866.58,867.54 1 1
github.com/Sourcehaven-BV/rela/internal/dataentry/sync.go:867.54,869.3 1 0
github.com/Sourcehaven-BV/rela/internal/dataentry/sync.go:872.2,872.40 1 1
github.com/Sourcehaven-BV/rela/internal/dataentry/sync.go:872.40,875.3 1 0
github.com/Sourcehaven-BV/rela/internal/dataentry/sync.go:877.2,878.12 2 1
github.com/Sourcehaven-BV/rela/internal/dataentry/sync.go:882.37,885.16 2 46
github.com/Sourcehaven-BV/rela/internal/dataentry/sync.go:885.16,887.3 1 0
github.com/Sourcehaven-BV/rela/internal/dataentry/sync.go:888.2,894.16 5 46
github.com/Sourcehaven-BV/rela/internal/dataentry/sync.go:894.16,896.3 1 44
github.com/Sourcehaven-BV/rela/internal/dataentry/sync.go:898.2,904.18 6 46
github.com/Sourcehaven-BV/rela/internal/dataentry/sync.go:904.18,906.3 1 10
github.com/Sourcehaven-BV/rela/internal/dataentry/sync.go:906.8,908.3 1 36
github.com/Sourcehaven-BV/rela/internal/dataentry/sync.go:909.2,912.23 3 46
github.com/Sourcehaven-BV/rela/internal/dataentry/sync.go:916.49,920.16 4 43
github.com/Sourcehaven-BV/rela/internal/dataentry/sync.go:920.16,922.3 1 1
github.com/Sourcehaven-BV/rela/internal/dataentry/sync.go:923.2,923.12 1 42
github.com/Sourcehaven-BV/rela/internal/dataentry/sync.go:927.77,931.16 4 172
github.com/Sourcehaven-BV/rela/internal/dataentry/sync.go:931.16,933.3 1 4
github.com/Sourcehaven-BV/rela/internal/dataentry/sync.go:934.2,934.28 1 168
github.com/Sourcehaven-BV/rela/internal/dataentry/sync_handlers.go:12.72,14.67 2 0
github.com/Sourcehaven-BV/rela/internal/dataentry/sync_handlers.go:14.67,16.3 1 0
github.com/Sourcehaven-BV/rela/internal/dataentry/sync_handlers.go:19.81,24.82 3 0
github.com/Sourcehaven-BV/rela/internal/dataentry/sync_handlers.go:24.82,26.3 1 0
github.com/Sourcehaven-BV/rela/internal/dataentry/sync_handlers.go:29.74,31.16 2 0
github.com/Sourcehaven-BV/rela/internal/dataentry/sync_handlers.go:31.16,34.3 2 0
github.com/Sourcehaven-BV/rela/internal/dataentry/sync_handlers.go:35.2,36.60 2 0
github.com/Sourcehaven-BV/rela/internal/dataentry/sync_handlers.go:36.60,38.3 1 0
github.com/Sourcehaven-BV/rela/internal/dataentry/sync_handlers.go:41.78,43.16 2 0
github.com/Sourcehaven-BV/rela/internal/dataentry/sync_handlers.go:43.16,46.3 2 0
github.com/Sourcehaven-BV/rela/internal/dataentry/sync_handlers.go:47.2,51.79 3 0
github.com/Sourcehaven-BV/rela/internal/dataentry/sync_handlers.go:51.79,53.3 1 0
github.com/Sourcehaven-BV/rela/internal/dataentry/sync_handlers.go:56.72,57.33 1 0
github.com/Sourcehaven-BV/rela/internal/dataentry/sync_handlers.go:57.33,60.3 2 0
github.com/Sourcehaven-BV/rela/internal/dataentry/sync_handlers.go:61.2,66.16 4 0
github.com/Sourcehaven-BV/rela/internal/dataentry/sync_handlers.go:66.16,69.3 2 0
github.com/Sourcehaven-BV/rela/internal/dataentry/sync_handlers.go:71.2,72.16 2 0
github.com/Sourcehaven-BV/rela/internal/dataentry/sync_handlers.go:73.16,75.17 2 0
github.com/Sourcehaven-BV/rela/internal/dataentry/sync_handlers.go:75.17,77.57 1 0
github.com/Sourcehaven-BV/rela/internal/dataentry/sync_handlers.go:77.57,79.5 1 0
github.com/Sourcehaven-BV/rela/internal/dataentry/sync_handlers.go:81.16,82.34 1 0
github.com/Sourcehaven-BV/rela/internal/dataentry/sync_handlers.go:83.10,85.9 2 0
github.com/Sourcehaven-BV/rela/internal/dataentry/sync_handlers.go:88.2,88.16 1 0
github.com/Sourcehaven-BV/rela/internal/dataentry/sync_handlers.go:88.16,91.3 2 0
github.com/Sourcehaven-BV/rela/internal/dataentry/sync_handlers.go:93.2,93.30 1 0
github.com/Sourcehaven-BV/rela/internal/dataentry/sync_handlers.go:96.70,97.33 1 0
github.com/Sourcehaven-BV/rela/internal/dataentry/sync_handlers.go:97.33,100.3 2 0
github.com/Sourcehaven-BV/rela/internal/dataentry/sync_handlers.go:102.2,102.38 1 0
github.com/Sourcehaven-BV/rela/internal/dataentry/sync_handlers.go:102.38,107.65 5 0
github.com/Sourcehaven-BV/rela/internal/dataentry/sync_handlers.go:107.65,109.4 1 0
github.com/Sourcehaven-BV/rela/internal/dataentry/sync_handlers.go:110.3,110.9 1 0
github.com/Sourcehaven-BV/rela/internal/dataentry/sync_handlers.go:113.2,114.67 2 0
github.com/Sourcehaven-BV/rela/internal/dataentry/sync_handlers.go:114.67,116.3 1 0
github.com/Sourcehaven-BV/rela/internal/dataentry/sync_handlers.go:119.78,120.33 1 0
github.com/Sourcehaven-BV/rela/internal/dataentry/sync_handlers.go:120.33,123.3 2 0
github.com/Sourcehaven-BV/rela/internal/dataentry/sync_handlers.go:124.2,127.16 3 0
github.com/Sourcehaven-BV/rela/internal/dataentry/sync_handlers.go:127.16,130.3 2 0
github.com/Sourcehaven-BV/rela/internal/dataentry/sync_handlers.go:132.2,132.50 1 0
github.com/Sourcehaven-BV/rela/internal/dataentry/sync_handlers.go:132.50,135.3 2 0
github.com/Sourcehaven-BV/rela/internal/dataentry/sync_handlers.go:137.2,138.67 2 0
github.com/Sourcehaven-BV/rela/internal/dataentry/sync_handlers.go:138.67,140.3 1 0
github.com/Sourcehaven-BV/rela/internal/dataentry/sync_handlers.go:143.76,144.33 1 0
github.com/Sourcehaven-BV/rela/internal/dataentry/sync_handlers.go:144.33,147.3 2 0
github.com/Sourcehaven-BV/rela/internal/dataentry/sync_handlers.go:149.2,149.44 1 0
github.com/Sourcehaven-BV/rela/internal/dataentry/sync_handlers.go:149.44,152.3 2 0
github.com/Sourcehaven-BV/rela/internal/dataentry/sync_handlers.go:155.2,155.55 1 0
github.com/Sourcehaven-BV/rela/internal/dataentry/sync_handlers.go:155.55,157.3 1 0
github.com/Sourcehaven-BV/rela/internal/dataentry/sync_handlers.go:159.2,160.30 2 0
github.com/Sourcehaven-BV/rela/internal/dataentry/sync_handlers.go:163.69,165.9 2 0
github.com/Sourcehaven-BV/rela/internal/dataentry/sync_handlers.go:165.9,168.3 2 0
github.com/Sourcehaven-BV/rela/internal/dataentry/sync_handlers.go:170.2,183.6 10 0
github.com/Sourcehaven-BV/rela/internal/dataentry/sync_handlers.go:183.6,184.10 1 0
github.com/Sourcehaven-BV/rela/internal/dataentry/sync_handlers.go:185.21,186.10 1 0
github.com/Sourcehaven-BV/rela/internal/dataentry/sync_handlers.go:187.27,188.11 1 0
github.com/Sourcehaven-BV/rela/internal/dataentry/sync_handlers.go:188.11,190.5 1 0
github.com/Sourcehaven-BV/rela/internal/dataentry/sync_handlers.go:191.4,193.19 3 0
github.com/Sourcehaven-BV/rela/internal/dataentry/sync_handlers.go:198.70,199.33 1 0
github.com/Sourcehaven-BV/rela/internal/dataentry/sync_handlers.go:199.33,202.3 2 0
github.com/Sourcehaven-BV/rela/internal/dataentry/sync_handlers.go:204.2,204.38 1 0
github.com/Sourcehaven-BV/rela/internal/dataentry/sync_handlers.go:204.38,209.65 5 0
github.com/Sourcehaven-BV/rela/internal/dataentry/sync_handlers.go:209.65,211.4 1 0
github.com/Sourcehaven-BV/rela/internal/dataentry/sync_handlers.go:212.3,212.9 1 0
github.com/Sourcehaven-BV/rela/internal/dataentry/sync_handlers.go:215.2,216.67 2 0
github.com/Sourcehaven-BV/rela/internal/dataentry/sync_handlers.go:216.67,218.3 1 0
github.com/Sourcehaven-BV/rela/internal/dataentry/views.go:16.81,18.9 2 0
github.com/Sourcehaven-BV/rela/internal/dataentry/views.go:18.9,20.3 1 0
github.com/Sourcehaven-BV/rela/internal/dataentry/views.go:21.2,21.35 1 0
github.com/Sourcehaven-BV/rela/internal/dataentry/views.go:21.35,23.3 1 0
github.com/Sourcehaven-BV/rela/internal/dataentry/views.go:25.2,32.42 3 0
github.com/Sourcehaven-BV/rela/internal/dataentry/views.go:32.42,34.38 2 0
github.com/Sourcehaven-BV/rela/internal/dataentry/views.go:34.38,36.4 1 0
github.com/Sourcehaven-BV/rela/internal/dataentry/views.go:37.3,37.54 1 0
github.com/Sourcehaven-BV/rela/internal/dataentry/views.go:37.54,38.9 1 0
github.com/Sourcehaven-BV/rela/internal/dataentry/views.go:43.2,45.20 2 0
github.com/Sourcehaven-BV/rela/internal/dataentry/views.go:48.72,51.22 2 0
github.com/Sourcehaven-BV/rela/internal/dataentry/views.go:51.22,53.47 2 0
github.com/Sourcehaven-BV/rela/internal/dataentry/views.go:53.47,54.31 1 0
github.com/Sourcehaven-BV/rela/internal/dataentry/views.go:54.31,55.20 1 0
github.com/Sourcehaven-BV/rela/internal/dataentry/views.go:55.20,58.6 2 0
github.com/Sourcehaven-BV/rela/internal/dataentry/views.go:61.8,61.62 1 0
github.com/Sourcehaven-BV/rela/internal/dataentry/views.go:61.62,63.3 1 0
github.com/Sourcehaven-BV/rela/internal/dataentry/views.go:66.2,68.30 3 0
github.com/Sourcehaven-BV/rela/internal/dataentry/views.go:68.30,69.21 1 0
github.com/Sourcehaven-BV/rela/internal/dataentry/views.go:69.21,71.17 2 0
github.com/Sourcehaven-BV/rela/internal/dataentry/views.go:71.17,73.5 1 0
github.com/Sourcehaven-BV/rela/internal/dataentry/views.go:74.4,74.95 1 0
github.com/Sourcehaven-BV/rela/internal/dataentry/views.go:75.9,77.4 1 0
github.com/Sourcehaven-BV/rela/internal/dataentry/views.go:81.2,81.47 1 0
github.com/Sourcehaven-BV/rela/internal/dataentry/views.go:81.47,83.3 1 0
github.com/Sourcehaven-BV/rela/internal/dataentry/views.go:84.2,85.55 2 0
github.com/Sourcehaven-BV/rela/internal/dataentry/views.go:85.55,87.3 1 0
github.com/Sourcehaven-BV/rela/internal/dataentry/views.go:88.2,88.26 1 0
github.com/Sourcehaven-BV/rela/internal/dataentry/views.go:88.26,89.22 1 0
github.com/Sourcehaven-BV/rela/internal/dataentry/views.go:89.22,92.4 2 0
github.com/Sourcehaven-BV/rela/internal/dataentry/views.go:96.84,98.23 2 0
github.com/Sourcehaven-BV/rela/internal/dataentry/views.go:98.23,99.52 1 0
github.com/Sourcehaven-BV/rela/internal/dataentry/views.go:99.52,100.32 1 0
github.com/Sourcehaven-BV/rela/internal/dataentry/views.go:100.32,101.47 1 0
github.com/Sourcehaven-BV/rela/internal/dataentry/views.go:101.47,103.6 1 0
github.com/Sourcehaven-BV/rela/internal/dataentry/views.go:106.8,106.38 1 0
github.com/Sourcehaven-BV/rela/internal/dataentry/views.go:106.38,107.52 1 0
github.com/Sourcehaven-BV/rela/internal/dataentry/views.go:107.52,108.40 1 0
github.com/Sourcehaven-BV/rela/internal/dataentry/views.go:108.40,109.46 1 0
github.com/Sourcehaven-BV/rela/internal/dataentry/views.go:109.46,111.6 1 0
github.com/Sourcehaven-BV/rela/internal/dataentry/views.go:115.2,115.12 1 0
github.com/Sourcehaven-BV/rela/internal/dataentry/views.go:118.135,119.44 1 0
github.com/Sourcehaven-BV/rela/internal/dataentry/views.go:119.44,121.3 1 0
github.com/Sourcehaven-BV/rela/internal/dataentry/views.go:122.2,126.30 5 0
github.com/Sourcehaven-BV/rela/internal/dataentry/views.go:126.30,128.3 1 0
github.com/Sourcehaven-BV/rela/internal/dataentry/views.go:129.2,129.12 1 0
github.com/Sourcehaven-BV/rela/internal/dataentry/views.go:132.68,134.39 2 0
github.com/Sourcehaven-BV/rela/internal/dataentry/views.go:134.39,135.30 1 0
github.com/Sourcehaven-BV/rela/internal/dataentry/views.go:135.30,137.4 1 0
github.com/Sourcehaven-BV/rela/internal/dataentry/views.go:139.2,139.18 1 0
github.com/Sourcehaven-BV/rela/internal/dataentry/watcher.go:30.76,32.16 2 0
github.com/Sourcehaven-BV/rela/internal/dataentry/watcher.go:32.16,34.3 1 0
github.com/Sourcehaven-BV/rela/internal/dataentry/watcher.go:36.2,43.27 2 0
github.com/Sourcehaven-BV/rela/internal/dataentry/watcher.go:43.27,44.46 1 0
github.com/Sourcehaven-BV/rela/internal/dataentry/watcher.go:44.46,47.4 2 0
github.com/Sourcehaven-BV/rela/internal/dataentry/watcher.go:50.2,51.16 2 0
github.com/Sourcehaven-BV/rela/internal/dataentry/watcher.go:55.56,56.82 1 0
github.com/Sourcehaven-BV/rela/internal/dataentry/watcher.go:56.82,57.17 1 0
github.com/Sourcehaven-BV/rela/internal/dataentry/watcher.go:57.17,59.4 1 0
github.com/Sourcehaven-BV/rela/internal/dataentry/watcher.go:60.3,60.19 1 0
github.com/Sourcehaven-BV/rela/internal/dataentry/watcher.go:60.19,62.59 1 0
github.com/Sourcehaven-BV/rela/internal/dataentry/watcher.go:62.59,64.5 1 0
github.com/Sourcehaven-BV/rela/internal/dataentry/watcher.go:65.4,65.53 1 0
github.com/Sourcehaven-BV/rela/internal/dataentry/watcher.go:65.53,67.5 1 0
github.com/Sourcehaven-BV/rela/internal/dataentry/watcher.go:69.3,69.13 1 0
github.com/Sourcehaven-BV/rela/internal/dataentry/watcher.go:74.31,75.6 1 0
github.com/Sourcehaven-BV/rela/internal/dataentry/watcher.go:75.6,76.10 1 0
github.com/Sourcehaven-BV/rela/internal/dataentry/watcher.go:77.20,78.10 1 0
github.com/Sourcehaven-BV/rela/internal/dataentry/watcher.go:80.41,81.11 1 0
github.com/Sourcehaven-BV/rela/internal/dataentry/watcher.go:81.11,83.5 1 0
github.com/Sourcehaven-BV/rela/internal/dataentry/watcher.go:86.4,86.35 1 0
github.com/Sourcehaven-BV/rela/internal/dataentry/watcher.go:86.35,88.35 1 0
github.com/Sourcehaven-BV/rela/internal/dataentry/watcher.go:88.35,89.70 1 0
github.com/Sourcehaven-BV/rela/internal/dataentry/watcher.go:89.70,91.7 1 0
github.com/Sourcehaven-BV/rela/internal/dataentry/watcher.go:93.5,93.13 1 0
github.com/Sourcehaven-BV/rela/internal/dataentry/watcher.go:97.4,98.23 2 0
github.com/Sourcehaven-BV/rela/internal/dataentry/watcher.go:98.23,100.5 1 0
github.com/Sourcehaven-BV/rela/internal/dataentry/watcher.go:101.4,101.52 1 0
github.com/Sourcehaven-BV/rela/internal/dataentry/watcher.go:101.52,102.28 1 0
github.com/Sourcehaven-BV/rela/internal/dataentry/watcher.go:102.28,104.6 1 0
github.com/Sourcehaven-BV/rela/internal/dataentry/watcher.go:106.4,106.18 1 0
github.com/Sourcehaven-BV/rela/internal/dataentry/watcher.go:108.39,109.11 1 0
github.com/Sourcehaven-BV/rela/internal/dataentry/watcher.go:109.11,111.5 1 0
github.com/Sourcehaven-BV/rela/internal/dataentry/watcher.go:112.4,112.40 1 0
github.com/Sourcehaven-BV/rela/internal/dataentry/watcher.go:118.39,120.2 1 0
github.com/Sourcehaven-BV/rela/internal/dataentry/watcher.go:123.31,126.21 3 0
github.com/Sourcehaven-BV/rela/internal/dataentry/watcher.go:126.21,128.3 1 0
github.com/Sourcehaven-BV/rela/internal/dataentry/watcher.go:129.2,130.20 2 0
